#ERROR_LOG
Couldn't find Rol with ID=6Couldn't find Rol with ID=6Couldn't find Rol with ID=6Couldn't find Rol with ID=6Couldn't find Rol with ID=6Couldn't find Rol with ID=6Couldn't find Rol with ID=6\r\nCouldn't find Rol with ID=6\r\nCouldn't find Rol with ID=6\r\nCouldn't find Rol with ID=6
Couldn't find Rol with ID=6
Couldn't find Rol with ID=6
Couldn't find Rol with ID=6
Couldn't find Rol with ID=6
Couldn't find Rol with ID=6
Couldn't find Rol with ID=6
HOLA
HOLA
HOLA
HOLA
HOLA
HOLA
HOLA
HOLA
1429238186lssHOLA
1429238186lssHOLA
1429238186lssHOLA
16-04-2015 09:37:49lssHOLA
16-04-2015 09:37:56lssHOLA
16-04-2015 09:37:57lssHOLA
16-04-2015 09:37:57lssHOLA
16-04-2015 09:37:57lssHOLA
[16-04-2015 09:38:50]:HOLA
[16-04-2015 09:40:51]:Class[ControllerRol]HOLA
[16-04-2015 09:40:52]:Class[ControllerRol]HOLA
[16-04-2015 09:40:52]:Class[ControllerRol]HOLA
[16-04-2015 09:41:55]:Class[ControllerRol][getRol]HOLA
[16-04-2015 09:41:55]:Class[ControllerRol][getRol]HOLA
[16-04-2015 09:42:10]:[ControllerRol][getRol]HOLA
[16-04-2015 09:43:01]:[ControllerRol][getRol]Couldn't find Rol with ID=6
[16-04-2015 09:43:02]:[ControllerRol][getRol]Couldn't find Rol with ID=6
[16-04-2015 09:43:02]:[ControllerRol][getRol]Couldn't find Rol with ID=6
[16-04-2015 09:43:02]:[ControllerRol][getRol]Couldn't find Rol with ID=6
[16-04-2015 09:46:40]:[ControllerRol][getRol]Couldn't find Rol with ID=6
[16-04-2015 09:46:41]:[ControllerRol][getRol]Couldn't find Rol with ID=6
[16-04-2015 09:46:44]:[ControllerRol][getRol]Couldn't find Rol with ID=6
[16-04-2015 09:46:44]:[ControllerRol][getRol]Couldn't find Rol with ID=6
[16-04-2015 09:46:44]:[ControllerRol][getRol]Couldn't find Rol with ID=6
[16-04-2015 09:46:44]:[ControllerRol][getRol]Couldn't find Rol with ID=6
[16-04-2015 09:47:41]:[ControllerRol][getRol]Couldn't find Rol with ID=6
[16-04-2015 09:47:42]:[ControllerRol][getRol]Couldn't find Rol with ID=6
[16-04-2015 09:47:42]:[ControllerRol][getRol]Couldn't find Rol with ID=6
[16-04-2015 09:47:42]:[ControllerRol][getRol]Couldn't find Rol with ID=6
[16-04-2015 09:47:45]:[ControllerRol][getRol]Couldn't find Rol with ID=6
[16-04-2015 09:47:45]:[ControllerRol][getRol]Couldn't find Rol with ID=6
[16-04-2015 09:47:45]:[ControllerRol][getRol]Couldn't find Rol with ID=6
[16-04-2015 09:47:45]:[ControllerRol][getRol]Couldn't find Rol with ID=6
[16-04-2015 09:47:45]:[ControllerRol][getRol]Couldn't find Rol with ID=6
[16-04-2015 09:47:45]:[ControllerRol][getRol]Couldn't find Rol with ID=6
[16-04-2015 09:47:46]:[ControllerRol][getRol]Couldn't find Rol with ID=6
[16-04-2015 09:47:46]:[ControllerRol][getRol]Couldn't find Rol with ID=6
[16-04-2015 09:48:42]:[][printErrorLog]Couldn't find Rol with ID=6
[16-04-2015 09:48:42]:[][printErrorLog]Couldn't find Rol with ID=6
[16-04-2015 09:48:43]:[][printErrorLog]Couldn't find Rol with ID=6
[16-04-2015 09:49:30]:[ControllerRol][getRol]Couldn't find Rol with ID=6
[16-04-2015 09:49:30]:[ControllerRol][getRol]Couldn't find Rol with ID=6
[16-04-2015 09:49:31]:[ControllerRol][getRol]Couldn't find Rol with ID=6
[16-04-2015 09:49:31]:[ControllerRol][getRol]Couldn't find Rol with ID=6
[16-04-2015 09:49:49]:[ControllerRol][getRol]:Couldn't find Rol with ID=6
[16-04-2015 09:49:49]:[ControllerRol][getRol]:Couldn't find Rol with ID=6
[16-04-2015 10:03:07]:[ControllerRol][getRolById]:Couldn't find Rol with ID=6
[16-04-2015 10:03:07]:[ControllerRol][getRolById]:Couldn't find Rol with ID=6
[16-04-2015 10:03:07]:[ControllerRol][getRolById]:Couldn't find Rol with ID=6
[16-04-2015 10:04:44]:[ControllerRol][getRolById]:Couldn't find Rol with ID=6
[16-04-2015 10:04:44]:[ControllerRol][getRolById]:Couldn't find Rol with ID=6
[16-04-2015 10:04:44]:[ControllerRol][getRolById]:Couldn't find Rol with ID=6
[16-04-2015 10:04:44]:[ControllerRol][getRolById]:Couldn't find Rol with ID=6
[16-04-2015 10:04:45]:[ControllerRol][getRolById]:Couldn't find Rol with ID=6
[16-04-2015 10:04:45]:[ControllerRol][getRolById]:Couldn't find Rol with ID=6
[16-04-2015 10:04:45]:[ControllerRol][getRolById]:Couldn't find Rol with ID=6
[16-04-2015 10:04:49]:[ControllerRol][getRolById]:Couldn't find Rol with ID=6
[16-04-2015 10:04:49]:[ControllerRol][getRolById]:Couldn't find Rol with ID=6
[16-04-2015 10:07:25]:[ControllerRol][getRolById]:Couldn't find Rol with ID=6
[16-04-2015 10:07:25]:[ControllerRol][getRolById]:Couldn't find Rol with ID=6
[16-04-2015 10:07:26]:[ControllerRol][getRolById]:Couldn't find Rol with ID=6
[16-04-2015 10:07:26]:[ControllerRol][getRolById]:Couldn't find Rol with ID=6
[16-04-2015 10:07:26]:[ControllerRol][getRolById]:Couldn't find Rol with ID=6
[16-04-2015 10:08:09]:[ControllerRol][getRolById]:Couldn't find Rol with ID=6
[16-04-2015 10:08:09]:[ControllerRol][getRolById]:Couldn't find Rol with ID=6
[16-04-2015 10:08:09]:[ControllerRol][getRolById]:Couldn't find Rol with ID=6
[16-04-2015 10:08:09]:[ControllerRol][getRolById]:Couldn't find Rol with ID=6
[16-04-2015 10:14:46]:[ControllerRol][getRolById]:Couldn't find Rol with ID=0
[16-04-2015 10:14:46]:[ControllerRol][getRolById]:Couldn't find Rol with ID=0
[16-04-2015 10:14:46]:[ControllerRol][getRolById]:Couldn't find Rol with ID=0
[16-04-2015 10:14:47]:[ControllerRol][getRolById]:Couldn't find Rol with ID=0
[16-04-2015 10:14:47]:[ControllerRol][getRolById]:Couldn't find Rol with ID=0
[16-04-2015 10:15:22]:[ControllerRol][getRolById]:Couldn't find Rol with ID=0
[16-04-2015 10:19:14]:[ControllerRol][getRolById]:Couldn't find Rol with ID=0
[16-04-2015 10:19:16]:[ControllerRol][getRolById]:Couldn't find Rol with ID=0
[16-04-2015 10:19:16]:[ControllerRol][getRolById]:Couldn't find Rol with ID=0
[16-04-2015 10:27:35]:[ControllerRol][getRolById]:Couldn't find Rol with ID=6
[16-04-2015 10:27:42]:[ControllerRol][getRolById]:Couldn't find Rol with ID=0
[16-04-2015 10:27:48]:[ControllerRol][getRolById]:Couldn't find Rol with ID=0
[16-04-2015 10:37:45]:[ControllerRol][getRolById]:Couldn't find Rol with ID=7
[16-04-2015 10:37:51]:[ControllerRol][getRolById]:Couldn't find Rol with ID=7
[16-04-2015 10:39:00]:[ControllerRol][getRolById]:Couldn't find Rol with ID=7
[16-04-2015 10:40:30]:[ControllerRol][getRolById]:Couldn't find Rol with ID=7
[17-04-2015 08:06:55]:[ControllerRol][getRolById]:Couldn't find Rol with ID=8
[17-04-2015 08:07:00]:[ControllerRol][getRolById]:Couldn't find Rol with ID=8
[17-04-2015 08:07:02]:[ControllerRol][getRolById]:Couldn't find Rol with ID=8
[17-04-2015 08:07:03]:[ControllerRol][getRolById]:Couldn't find Rol with ID=8
[17-04-2015 08:07:03]:[ControllerRol][getRolById]:Couldn't find Rol with ID=8
[17-04-2015 08:07:03]:[ControllerRol][getRolById]:Couldn't find Rol with ID=8
[17-04-2015 08:07:03]:[ControllerRol][getRolById]:Couldn't find Rol with ID=8
[17-04-2015 08:09:46]:[ControllerRol][getRolById]:Couldn't find Rol with ID=8
[17-04-2015 08:09:47]:[ControllerRol][getRolById]:Couldn't find Rol with ID=8
[17-04-2015 08:09:47]:[ControllerRol][getRolById]:Couldn't find Rol with ID=8
[17-04-2015 08:12:09]:[ControllerRol][getRolById]:Couldn't find Rol with ID=8
[17-04-2015 12:43:42]:[ControllerRol][getRolById]:Couldn't find Rol with ID=8
[17-04-2015 12:43:42]:[ControllerRol][getRolById]:Couldn't find Rol with ID=8
[17-04-2015 12:43:42]:[ControllerRol][getRolById]:Couldn't find Rol with ID=8
[17-04-2015 12:46:01]:[ControllerRol][getRolById]:Couldn't find Rol with ID=0
[17-04-2015 01:48:50]:[ControllerRol][getRolById]:Couldn't find Rol with ID=8
[17-04-2015 01:48:50]:[ControllerRol][getRolById]:Couldn't find Rol with ID=8
[17-04-2015 03:02:39]:[ControllerRol][getRolById]:Couldn't find Rol with ID=0
[17-04-2015 03:02:40]:[ControllerRol][getRolById]:Couldn't find Rol with ID=0
[17-04-2015 03:02:40]:[ControllerRol][getRolById]:Couldn't find Rol with ID=0
[17-04-2015 03:02:40]:[ControllerRol][getRolById]:Couldn't find Rol with ID=0
[17-04-2015 03:02:40]:[ControllerRol][getRolById]:Couldn't find Rol with ID=0
[17-04-2015 03:03:08]:[ControllerRol][getRolById]:Couldn't find Rol with ID=8
[17-04-2015 03:03:12]:[ControllerRol][getRolById]:Couldn't find Rol with ID=0
[17-04-2015 03:03:14]:[ControllerRol][getRolById]:Couldn't find Rol with ID=0
[17-04-2015 03:03:17]:[ControllerRol][getRolById]:Couldn't find Rol with ID=0
[17-04-2015 03:26:42]:[ControllerRol][getRolById]:Couldn't find Rol with ID=0
[17-04-2015 03:26:42]:[ControllerRol][getRolById]:Couldn't find Rol with ID=0
[17-04-2015 03:26:48]:[ControllerRol][getRolById]:Couldn't find Rol with ID=0
[17-04-2015 03:26:48]:[ControllerRol][getRolById]:Couldn't find Rol with ID=0
[17-04-2015 03:26:48]:[ControllerRol][getRolById]:Couldn't find Rol with ID=0
[17-04-2015 03:26:48]:[ControllerRol][getRolById]:Couldn't find Rol with ID=0
[17-04-2015 03:26:49]:[ControllerRol][getRolById]:Couldn't find Rol with ID=0
[17-04-2015 03:26:49]:[ControllerRol][getRolById]:Couldn't find Rol with ID=0
[17-04-2015 03:26:49]:[ControllerRol][getRolById]:Couldn't find Rol with ID=0
[17-04-2015 03:28:01]:[ControllerRol][getRolById]:Couldn't find Rol with ID=0
[17-04-2015 03:28:02]:[ControllerRol][getRolById]:Couldn't find Rol with ID=0
[17-04-2015 03:28:02]:[ControllerRol][getRolById]:Couldn't find Rol with ID=0
[17-04-2015 03:28:12]:[ControllerRol][getRolById]:Couldn't find Rol with ID=0
[17-04-2015 03:28:12]:[ControllerRol][getRolById]:Couldn't find Rol with ID=0
[17-04-2015 03:30:36]:[ControllerRol][getRolById]:Couldn't find Rol with ID=0
[17-04-2015 04:02:07]:[ControllerRol][getRolById]:Couldn't find Rol with ID=8
[17-04-2015 04:19:23]:[ControllerRol][getRolById]:Couldn't find Rol with ID=0
[17-04-2015 04:19:24]:[ControllerRol][getRolById]:Couldn't find Rol with ID=0
[17-04-2015 04:19:24]:[ControllerRol][getRolById]:Couldn't find Rol with ID=0
[17-04-2015 04:19:24]:[ControllerRol][getRolById]:Couldn't find Rol with ID=0
[17-04-2015 04:19:24]:[ControllerRol][getRolById]:Couldn't find Rol with ID=0
[17-04-2015 04:19:24]:[ControllerRol][getRolById]:Couldn't find Rol with ID=0
[17-04-2015 04:19:24]:[ControllerRol][getRolById]:Couldn't find Rol with ID=0
[17-04-2015 04:19:25]:[ControllerRol][getRolById]:Couldn't find Rol with ID=0
[17-04-2015 04:19:25]:[ControllerRol][getRolById]:Couldn't find Rol with ID=0
[17-04-2015 04:19:25]:[ControllerRol][getRolById]:Couldn't find Rol with ID=0
[17-04-2015 04:19:42]:[ControllerRol][getRolById]:Couldn't find Rol with ID=0
[17-04-2015 04:19:43]:[ControllerRol][getRolById]:Couldn't find Rol with ID=0
[17-04-2015 04:20:54]:[ControllerRol][getRolById]:Couldn't find Rol with ID=0
[17-04-2015 04:20:54]:[ControllerRol][getRolById]:Couldn't find Rol with ID=0
[17-04-2015 04:20:55]:[ControllerRol][getRolById]:Couldn't find Rol with ID=0
[17-04-2015 04:20:55]:[ControllerRol][getRolById]:Couldn't find Rol with ID=0
[17-04-2015 04:20:55]:[ControllerRol][getRolById]:Couldn't find Rol with ID=0
[17-04-2015 04:20:55]:[ControllerRol][getRolById]:Couldn't find Rol with ID=0
[17-04-2015 04:20:55]:[ControllerRol][getRolById]:Couldn't find Rol with ID=0
[17-04-2015 04:20:55]:[ControllerRol][getRolById]:Couldn't find Rol with ID=0
[17-04-2015 04:20:56]:[ControllerRol][getRolById]:Couldn't find Rol with ID=0
[17-04-2015 04:20:56]:[ControllerRol][getRolById]:Couldn't find Rol with ID=0
[17-04-2015 04:21:07]:[ControllerRol][getRolById]:Couldn't find Rol with ID=0
[17-04-2015 04:21:18]:[ControllerRol][getRolById]:Couldn't find Rol with ID=8
[17-04-2015 04:21:23]:[ControllerRol][getRolById]:Couldn't find Rol with ID=8
[17-04-2015 04:21:24]:[ControllerRol][getRolById]:Couldn't find Rol with ID=8
[17-04-2015 04:21:24]:[ControllerRol][getRolById]:Couldn't find Rol with ID=8
[17-04-2015 04:21:24]:[ControllerRol][getRolById]:Couldn't find Rol with ID=8
[17-04-2015 04:21:25]:[ControllerRol][getRolById]:Couldn't find Rol with ID=8
[17-04-2015 04:21:25]:[ControllerRol][getRolById]:Couldn't find Rol with ID=8
[17-04-2015 04:21:25]:[ControllerRol][getRolById]:Couldn't find Rol with ID=8
[17-04-2015 04:21:25]:[ControllerRol][getRolById]:Couldn't find Rol with ID=8
[17-04-2015 04:21:25]:[ControllerRol][getRolById]:Couldn't find Rol with ID=8
[17-04-2015 04:21:25]:[ControllerRol][getRolById]:Couldn't find Rol with ID=8
[17-04-2015 04:21:26]:[ControllerRol][getRolById]:Couldn't find Rol with ID=8
[17-04-2015 04:21:26]:[ControllerRol][getRolById]:Couldn't find Rol with ID=8
[17-04-2015 04:21:26]:[ControllerRol][getRolById]:Couldn't find Rol with ID=8
[17-04-2015 04:21:26]:[ControllerRol][getRolById]:Couldn't find Rol with ID=8
[17-04-2015 04:21:26]:[ControllerRol][getRolById]:Couldn't find Rol with ID=8
[17-04-2015 04:21:26]:[ControllerRol][getRolById]:Couldn't find Rol with ID=8
[17-04-2015 04:21:27]:[ControllerRol][getRolById]:Couldn't find Rol with ID=8
[17-04-2015 04:21:27]:[ControllerRol][getRolById]:Couldn't find Rol with ID=8
[17-04-2015 04:21:27]:[ControllerRol][getRolById]:Couldn't find Rol with ID=8
[17-04-2015 04:21:27]:[ControllerRol][getRolById]:Couldn't find Rol with ID=8
[17-04-2015 04:21:27]:[ControllerRol][getRolById]:Couldn't find Rol with ID=8
[17-04-2015 04:21:27]:[ControllerRol][getRolById]:Couldn't find Rol with ID=8
[17-04-2015 04:21:28]:[ControllerRol][getRolById]:Couldn't find Rol with ID=8
[17-04-2015 04:21:28]:[ControllerRol][getRolById]:Couldn't find Rol with ID=8
[17-04-2015 04:21:28]:[ControllerRol][getRolById]:Couldn't find Rol with ID=8
[17-04-2015 04:22:02]:[ControllerRol][getRolById]:Couldn't find Rol with ID=0
[17-04-2015 04:22:22]:[ControllerRol][getRolById]:Couldn't find Rol with ID=0
[17-04-2015 04:22:22]:[ControllerRol][getRolById]:Couldn't find Rol with ID=0
[17-04-2015 04:22:22]:[ControllerRol][getRolById]:Couldn't find Rol with ID=0
[17-04-2015 04:22:22]:[ControllerRol][getRolById]:Couldn't find Rol with ID=0
[17-04-2015 04:22:52]:[ControllerRol][getRolById]:Couldn't find Rol with ID=0
[17-04-2015 04:22:52]:[ControllerRol][getRolById]:Couldn't find Rol with ID=0
[17-04-2015 04:23:03]:[ControllerRol][getRolById]:Couldn't find Rol with ID=0
[17-04-2015 04:28:53]:[ControllerRol][getRolById]:Couldn't find Rol with ID=0
[17-04-2015 04:29:16]:[ControllerRol][getRolById]:Couldn't find Rol with ID=0
[17-04-2015 04:29:18]:[ControllerRol][getRolById]:Couldn't find Rol with ID=0
[17-04-2015 04:29:34]:[ControllerRol][getRolById]:Couldn't find Rol with ID=0
[17-04-2015 04:37:59]:[ControllerRol][getRolById]:Couldn't find Rol with ID=8
[17-04-2015 05:20:19]:[ControllerRol][getRolById]:Couldn't find Rol with ID=0
[17-04-2015 05:20:49]:[ControllerRol][getRolById]:Couldn't find Rol with ID=0
[17-04-2015 05:20:49]:[ControllerRol][getRolById]:Couldn't find Rol with ID=0
[17-04-2015 05:20:49]:[ControllerRol][getRolById]:Couldn't find Rol with ID=0
[17-04-2015 05:22:10]:[ControllerRol][getRolById]:Couldn't find Rol with ID=0
[17-04-2015 05:22:10]:[ControllerRol][getRolById]:Couldn't find Rol with ID=0
[17-04-2015 05:22:10]:[ControllerRol][getRolById]:Couldn't find Rol with ID=0
[17-04-2015 05:22:11]:[ControllerRol][getRolById]:Couldn't find Rol with ID=0
[17-04-2015 05:22:11]:[ControllerRol][getRolById]:Couldn't find Rol with ID=0
[17-04-2015 05:22:39]:[ControllerRol][getRolById]:Couldn't find Rol with ID=0
[17-04-2015 05:22:39]:[ControllerRol][getRolById]:Couldn't find Rol with ID=0
[17-04-2015 05:22:39]:[ControllerRol][getRolById]:Couldn't find Rol with ID=0
[17-04-2015 05:23:24]:[ControllerRol][getRolById]:Couldn't find Rol with ID=0
[17-04-2015 05:23:24]:[ControllerRol][getRolById]:Couldn't find Rol with ID=0
[17-04-2015 05:23:25]:[ControllerRol][getRolById]:Couldn't find Rol with ID=0
[17-04-2015 05:23:25]:[ControllerRol][getRolById]:Couldn't find Rol with ID=0
[17-04-2015 05:23:39]:[ControllerRol][getRolById]:Couldn't find Rol with ID=0
[17-04-2015 05:23:39]:[ControllerRol][getRolById]:Couldn't find Rol with ID=0
[17-04-2015 05:23:39]:[ControllerRol][getRolById]:Couldn't find Rol with ID=0
[17-04-2015 05:23:39]:[ControllerRol][getRolById]:Couldn't find Rol with ID=0
[17-04-2015 05:24:47]:[ControllerRol][getRolById]:Couldn't find Rol with ID=0
[17-04-2015 05:24:47]:[ControllerRol][getRolById]:Couldn't find Rol with ID=0
[17-04-2015 05:24:47]:[ControllerRol][getRolById]:Couldn't find Rol with ID=0
[17-04-2015 05:24:47]:[ControllerRol][getRolById]:Couldn't find Rol with ID=0
[17-04-2015 05:24:48]:[ControllerRol][getRolById]:Couldn't find Rol with ID=0
[17-04-2015 05:24:48]:[ControllerRol][getRolById]:Couldn't find Rol with ID=0
[17-04-2015 05:24:49]:[ControllerRol][getRolById]:Couldn't find Rol with ID=0
[17-04-2015 05:24:49]:[ControllerRol][getRolById]:Couldn't find Rol with ID=0
[17-04-2015 05:25:37]:[ControllerRol][getRolById]:Couldn't find Rol with ID=0
[17-04-2015 05:26:28]:[ControllerRol][getRolById]:Couldn't find Rol with ID=0
[17-04-2015 05:26:28]:[ControllerRol][getRolById]:Couldn't find Rol with ID=0
[17-04-2015 05:26:28]:[ControllerRol][getRolById]:Couldn't find Rol with ID=0
[17-04-2015 08:12:40]:[ControllerRol][getRolById]:Couldn't find Rol with ID=0
