[16-04-2015 10:36:47]:[ControllerRol][getRolById]:-id:3
[16-04-2015 10:37:37]:[ControllerRol][getRolById]:-id:3
[16-04-2015 10:37:37]:[ControllerRol][getRolById]:-id:3
[16-04-2015 10:37:45]:[ControllerRol][getRolById]:-id:7
[16-04-2015 10:37:51]:[ControllerRol][getRolById]:-id:7
[16-04-2015 10:39:00]:[ControllerRol][getRolById]:Buscando id:7
[16-04-2015 10:40:30]:[ControllerRol][getRolById]:Buscando id:7
[16-04-2015 10:40:37]:[ControllerRol][getRolById]:Buscando id:3
[16-04-2015 10:40:37]:[ControllerRol][getRolById]:Encontro id:3
[16-04-2015 10:40:37]:[ControllerRol][getRolById]:Exito3
[16-04-2015 10:41:05]:[ControllerRol][getRolById]:Buscando id:4
[16-04-2015 10:41:05]:[ControllerRol][getRolById]:Encontro id:4
[16-04-2015 10:41:05]:[ControllerRol][getRolById]:Exito    id:4
[17-04-2015 08:03:10]:[ControllerRol][getRolById]:Buscando id:4
[17-04-2015 08:03:10]:[ControllerRol][getRolById]:Encontro id:4
[17-04-2015 08:03:10]:[ControllerRol][getRolById]:Exito    id:4
[17-04-2015 08:04:26]:[ControllerRol][getRolById]:Buscando id:4
[17-04-2015 08:04:26]:[ControllerRol][getRolById]:Encontro id:4
[17-04-2015 08:04:26]:[ControllerRol][getRolById]:Exito    id:4
[17-04-2015 08:06:49]:[ControllerRol][getRolById]:Buscando id:4
[17-04-2015 08:06:49]:[ControllerRol][getRolById]:Encontro id:4
[17-04-2015 08:06:49]:[ControllerRol][getRolById]:Exito    id:4
[17-04-2015 08:06:55]:[ControllerRol][getRolById]:Buscando id:8
[17-04-2015 08:07:00]:[ControllerRol][getRolById]:Buscando id:8
[17-04-2015 08:07:02]:[ControllerRol][getRolById]:Buscando id:8
[17-04-2015 08:07:03]:[ControllerRol][getRolById]:Buscando id:8
[17-04-2015 08:07:03]:[ControllerRol][getRolById]:Buscando id:8
[17-04-2015 08:07:03]:[ControllerRol][getRolById]:Buscando id:8
[17-04-2015 08:07:03]:[ControllerRol][getRolById]:Buscando id:8
[17-04-2015 08:09:46]:[ControllerRol][getRolById]:Buscando id:8
[17-04-2015 08:09:47]:[ControllerRol][getRolById]:Buscando id:8
[17-04-2015 08:09:47]:[ControllerRol][getRolById]:Buscando id:8
[17-04-2015 08:09:51]:[ControllerRol][getRolById]:Buscando id:3
[17-04-2015 08:09:51]:[ControllerRol][getRolById]:Encontro id:3
[17-04-2015 08:09:51]:[ControllerRol][getRolById]:Exito    id:3
[17-04-2015 08:12:05]:[ControllerRol][getRolById]:Buscando id:3
[17-04-2015 08:12:05]:[ControllerRol][getRolById]:Encontro id:3
[17-04-2015 08:12:05]:[ControllerRol][getRolById]:Exito    id:3
[17-04-2015 08:12:09]:[ControllerRol][getRolById]:Buscando id:8
[17-04-2015 08:12:35]:[ControllerRol][getRolById]:Buscando id:1
[17-04-2015 08:12:35]:[ControllerRol][getRolById]:Encontro id:1
[17-04-2015 08:12:35]:[ControllerRol][getRolById]:Exito    id:1
[17-04-2015 08:33:22]:[ControllerRol][getRolById]:Buscando id:1
[17-04-2015 08:33:22]:[ControllerRol][getRolById]:Buscando id:1
[17-04-2015 08:33:22]:[ControllerRol][getRolById]:Buscando id:1
[17-04-2015 08:33:22]:[ControllerRol][getRolById]:Buscando id:1
[17-04-2015 08:33:52]:[ControllerRol][getRolById]:Buscando id:1
[17-04-2015 08:33:52]:[ControllerRol][getRolById]:Buscando id:1
[17-04-2015 08:33:52]:[ControllerRol][getRolById]:Buscando id:1
[17-04-2015 08:33:52]:[ControllerRol][getRolById]:Buscando id:1
[17-04-2015 08:37:38]:[ControllerRol][getRolById]:Buscando id:1
[17-04-2015 08:37:39]:[ControllerRol][getRolById]:Buscando id:1
[17-04-2015 08:37:39]:[ControllerRol][getRolById]:Buscando id:1
[17-04-2015 08:37:39]:[ControllerRol][getRolById]:Buscando id:1
[17-04-2015 08:38:12]:[ControllerRol][getRolById]:Buscando id:1
[17-04-2015 08:38:12]:[ControllerRol][getRolById]:Buscando id:1
[17-04-2015 08:38:12]:[ControllerRol][getRolById]:Buscando id:1
[17-04-2015 08:38:13]:[ControllerRol][getRolById]:Buscando id:1
[17-04-2015 08:38:13]:[ControllerRol][getRolById]:Buscando id:1
[17-04-2015 08:38:38]:[ControllerRol][getRolById]:Buscando id:1
[17-04-2015 08:38:38]:[ControllerRol][getRolById]:Buscando id:1
[17-04-2015 08:38:38]:[ControllerRol][getRolById]:Buscando id:1
[17-04-2015 08:38:38]:[ControllerRol][getRolById]:Buscando id:1
[17-04-2015 08:38:38]:[ControllerRol][getRolById]:Buscando id:1
[17-04-2015 08:38:38]:[ControllerRol][getRolById]:Buscando id:1
[17-04-2015 08:38:39]:[ControllerRol][getRolById]:Buscando id:1
[17-04-2015 08:38:39]:[ControllerRol][getRolById]:Buscando id:1
[17-04-2015 08:38:39]:[ControllerRol][getRolById]:Buscando id:1
[17-04-2015 08:38:39]:[ControllerRol][getRolById]:Buscando id:1
[17-04-2015 08:39:04]:[ControllerRol][getRolById]:Buscando id:1
[17-04-2015 08:39:04]:[ControllerRol][getRolById]:Buscando id:1
[17-04-2015 08:39:04]:[ControllerRol][getRolById]:Buscando id:1
[17-04-2015 08:39:28]:[ControllerRol][getRolById]:Buscando id:1
[17-04-2015 08:39:28]:[ControllerRol][getRolById]:Encontro id:1
[17-04-2015 08:39:28]:[ControllerRol][getRolById]:Exito    id:1
[17-04-2015 08:39:28]:[ControllerRol][getRolById]:Buscando id:1
[17-04-2015 08:39:28]:[ControllerRol][getRolById]:Encontro id:1
[17-04-2015 08:39:28]:[ControllerRol][getRolById]:Exito    id:1
[17-04-2015 08:39:28]:[ControllerRol][getRolById]:Buscando id:1
[17-04-2015 08:39:28]:[ControllerRol][getRolById]:Encontro id:1
[17-04-2015 08:39:28]:[ControllerRol][getRolById]:Exito    id:1
[17-04-2015 08:39:37]:[ControllerRol][getRolById]:Buscando id:1
[17-04-2015 08:39:37]:[ControllerRol][getRolById]:Encontro id:1
[17-04-2015 08:39:37]:[ControllerRol][getRolById]:Exito    id:1
[17-04-2015 08:39:37]:[ControllerRol][getRolById]:Buscando id:1
[17-04-2015 08:39:37]:[ControllerRol][getRolById]:Encontro id:1
[17-04-2015 08:39:37]:[ControllerRol][getRolById]:Exito    id:1
[17-04-2015 08:39:41]:[ControllerRol][getRolById]:Buscando id:1
[17-04-2015 08:39:41]:[ControllerRol][getRolById]:Encontro id:1
[17-04-2015 08:39:41]:[ControllerRol][getRolById]:Exito    id:1
[17-04-2015 08:39:41]:[ControllerRol][getRolById]:Buscando id:1
[17-04-2015 08:39:41]:[ControllerRol][getRolById]:Encontro id:1
[17-04-2015 08:39:41]:[ControllerRol][getRolById]:Exito    id:1
[17-04-2015 08:39:50]:[ControllerRol][getRolById]:Buscando id:1
[17-04-2015 08:39:50]:[ControllerRol][getRolById]:Encontro id:1
[17-04-2015 08:39:50]:[ControllerRol][getRolById]:Exito    id:1
[17-04-2015 08:39:50]:[ControllerRol][getRolById]:Buscando id:1
[17-04-2015 08:39:50]:[ControllerRol][getRolById]:Encontro id:1
[17-04-2015 08:39:50]:[ControllerRol][getRolById]:Exito    id:1
[17-04-2015 08:39:50]:[ControllerRol][getRolById]:Buscando id:1
[17-04-2015 08:39:50]:[ControllerRol][getRolById]:Encontro id:1
[17-04-2015 08:39:50]:[ControllerRol][getRolById]:Exito    id:1
[17-04-2015 08:40:24]:[ControllerRol][getRolById]:Buscando id:1
[17-04-2015 08:40:24]:[ControllerRol][getRolById]:Encontro id:1
[17-04-2015 08:40:24]:[ControllerRol][getRolById]:Exito    id:1
[17-04-2015 08:40:24]:[ControllerRol][getRolById]:Buscando id:1
[17-04-2015 08:40:24]:[ControllerRol][getRolById]:Encontro id:1
[17-04-2015 08:40:24]:[ControllerRol][getRolById]:Exito    id:1
[17-04-2015 08:40:24]:[ControllerRol][getRolById]:Buscando id:1
[17-04-2015 08:40:24]:[ControllerRol][getRolById]:Encontro id:1
[17-04-2015 08:40:24]:[ControllerRol][getRolById]:Exito    id:1
[17-04-2015 08:41:29]:[ControllerRol][getRolById]:Buscando id:1
[17-04-2015 08:41:30]:[ControllerRol][getRolById]:Buscando id:1
[17-04-2015 08:41:30]:[ControllerRol][getRolById]:Buscando id:1
[17-04-2015 08:55:23]:[ControllerRol][getRolById]:Buscando id:1
[17-04-2015 08:55:23]:[ControllerRol][getRolById]:Buscando id:1
[17-04-2015 08:55:23]:[ControllerRol][getRolById]:Buscando id:1
[17-04-2015 08:55:23]:[ControllerRol][getRolById]:Buscando id:1
[17-04-2015 08:55:24]:[ControllerRol][getRolById]:Buscando id:1
[17-04-2015 08:55:24]:[ControllerRol][getRolById]:Buscando id:1
[17-04-2015 08:55:24]:[ControllerRol][getRolById]:Buscando id:1
[17-04-2015 08:55:24]:[ControllerRol][getRolById]:Buscando id:1
[17-04-2015 08:55:24]:[ControllerRol][getRolById]:Buscando id:1
[17-04-2015 08:55:25]:[ControllerRol][getRolById]:Buscando id:1
[17-04-2015 08:55:25]:[ControllerRol][getRolById]:Buscando id:1
[17-04-2015 08:55:25]:[ControllerRol][getRolById]:Buscando id:1
[17-04-2015 08:55:25]:[ControllerRol][getRolById]:Buscando id:1
[17-04-2015 08:55:26]:[ControllerRol][getRolById]:Buscando id:1
[17-04-2015 08:55:26]:[ControllerRol][getRolById]:Buscando id:1
[17-04-2015 08:55:26]:[ControllerRol][getRolById]:Buscando id:1
[17-04-2015 08:55:26]:[ControllerRol][getRolById]:Buscando id:1
[17-04-2015 08:55:26]:[ControllerRol][getRolById]:Buscando id:1
[17-04-2015 08:55:27]:[ControllerRol][getRolById]:Buscando id:1
[17-04-2015 08:55:27]:[ControllerRol][getRolById]:Buscando id:1
[17-04-2015 08:55:27]:[ControllerRol][getRolById]:Buscando id:1
[17-04-2015 08:55:27]:[ControllerRol][getRolById]:Buscando id:1
[17-04-2015 08:59:39]:[ControllerRol][getRolById]:Buscando id:1
[17-04-2015 08:59:39]:[ControllerRol][getRolById]:Buscando id:1
[17-04-2015 09:07:46]:[ControllerRol][getRolById]:Buscando id:1
[17-04-2015 09:07:46]:[ControllerRol][getRolById]:Buscando id:1
[17-04-2015 09:26:36]:[ControllerRol][getRolById]:Buscando id:1
[17-04-2015 09:26:36]:[ControllerRol][getRolById]:Buscando id:1
[17-04-2015 09:26:45]:[ControllerRol][getRolById]:Buscando id:1
[17-04-2015 09:26:46]:[ControllerRol][getRolById]:Buscando id:1
[17-04-2015 09:26:56]:[ControllerRol][getRolById]:Buscando id:1
[17-04-2015 09:26:56]:[ControllerRol][getRolById]:Buscando id:1
[17-04-2015 09:26:56]:[ControllerRol][getRolById]:Buscando id:1
[17-04-2015 09:27:56]:[ControllerRol][getRolById]:Buscando id:1
[17-04-2015 09:27:56]:[ControllerRol][getRolById]:Encontro id:1
[17-04-2015 09:27:56]:[ControllerRol][getRolById]:Exito    id:1
[17-04-2015 09:27:56]:[ControllerRol][getRolById]:Buscando id:1
[17-04-2015 09:27:56]:[ControllerRol][getRolById]:Encontro id:1
[17-04-2015 09:27:56]:[ControllerRol][getRolById]:Exito    id:1
[17-04-2015 09:28:20]:[ControllerRol][getRolById]:Buscando id:1
[17-04-2015 09:28:20]:[ControllerRol][getRolById]:Buscando id:1
[17-04-2015 09:28:23]:[ControllerRol][getRolById]:Buscando id:1
[17-04-2015 09:28:23]:[ControllerRol][getRolById]:Buscando id:1
[17-04-2015 09:28:24]:[ControllerRol][getRolById]:Buscando id:1
[17-04-2015 09:28:35]:[ControllerRol][getRolById]:Buscando id:1
[17-04-2015 09:28:35]:[ControllerRol][getRolById]:Buscando id:1
[17-04-2015 09:28:36]:[ControllerRol][getRolById]:Buscando id:1
[17-04-2015 09:29:49]:[ControllerRol][getRolById]:Buscando id:1
[17-04-2015 09:29:49]:[ControllerRol][getRolById]:Buscando id:1
[17-04-2015 09:30:02]:[ControllerRol][getRolById]:Buscando id:1
[17-04-2015 09:30:02]:[ControllerRol][getRolById]:Encontro id:1
[17-04-2015 09:30:02]:[ControllerRol][getRolById]:Exito    id:1
[17-04-2015 09:30:02]:[ControllerRol][getRolById]:Buscando id:1
[17-04-2015 09:30:02]:[ControllerRol][getRolById]:Encontro id:1
[17-04-2015 09:30:02]:[ControllerRol][getRolById]:Exito    id:1
[17-04-2015 09:33:17]:[ControllerRol][getRolById]:Buscando id:1
[17-04-2015 09:33:18]:[ControllerRol][getRolById]:Buscando id:1
[17-04-2015 09:33:18]:[ControllerRol][getRolById]:Buscando id:1
[17-04-2015 09:36:26]:[ControllerRol][getRolById]:Buscando id:1
[17-04-2015 09:36:26]:[ControllerRol][getRolById]:Encontro id:1
[17-04-2015 09:36:26]:[ControllerRol][getRolById]:Exito    id:1
[17-04-2015 09:39:38]:[ControllerRol][getRolById]:Buscando id:1
[17-04-2015 09:39:39]:[ControllerRol][getRolById]:Buscando id:1
[17-04-2015 09:40:49]:[ControllerRol][getRolById]:Buscando id:1
[17-04-2015 09:40:49]:[ControllerRol][getRolById]:Buscando id:1
[17-04-2015 09:42:17]:[ControllerRol][getRolById]:Buscando id:1
[17-04-2015 09:42:17]:[ControllerRol][getRolById]:Buscando id:1
[17-04-2015 09:42:57]:[ControllerRol][getRolById]:Buscando id:1
[17-04-2015 09:42:58]:[ControllerRol][getRolById]:Buscando id:1
[17-04-2015 09:44:59]:[ControllerRol][getRolById]:Buscando id:1
[17-04-2015 09:44:59]:[ControllerRol][getRolById]:Encontro id:1
[17-04-2015 09:44:59]:[ControllerRol][getRolById]:Exito    id:1
[17-04-2015 09:45:00]:[ControllerRol][getRolById]:Buscando id:1
[17-04-2015 09:45:00]:[ControllerRol][getRolById]:Encontro id:1
[17-04-2015 09:45:00]:[ControllerRol][getRolById]:Exito    id:1
[17-04-2015 09:45:00]:[ControllerRol][getRolById]:Buscando id:1
[17-04-2015 09:45:00]:[ControllerRol][getRolById]:Encontro id:1
[17-04-2015 09:45:00]:[ControllerRol][getRolById]:Exito    id:1
[17-04-2015 09:51:18]:[ControllerRol][getRolById]:Buscando id:1
[17-04-2015 09:51:18]:[ControllerRol][getRolById]:Encontro id:1
[17-04-2015 09:51:18]:[ControllerRol][getRolById]:Exito    id:1
[17-04-2015 09:51:19]:[ControllerRol][getRolById]:Buscando id:1
[17-04-2015 09:51:19]:[ControllerRol][getRolById]:Encontro id:1
[17-04-2015 09:51:19]:[ControllerRol][getRolById]:Exito    id:1
[17-04-2015 09:51:19]:[ControllerRol][getRolById]:Buscando id:1
[17-04-2015 09:51:19]:[ControllerRol][getRolById]:Encontro id:1
[17-04-2015 09:51:19]:[ControllerRol][getRolById]:Exito    id:1
[17-04-2015 09:51:25]:[ControllerRol][getRolById]:Buscando id:1
[17-04-2015 09:51:25]:[ControllerRol][getRolById]:Buscando id:1
[17-04-2015 09:51:25]:[ControllerRol][getRolById]:Buscando id:1
[17-04-2015 09:51:38]:[ControllerRol][getRolById]:Buscando id:1
[17-04-2015 09:51:38]:[ControllerRol][getRolById]:Encontro id:1
[17-04-2015 09:51:38]:[ControllerRol][getRolById]:Exito    id:1
[17-04-2015 09:51:38]:[ControllerRol][getRolById]:Buscando id:1
[17-04-2015 09:51:38]:[ControllerRol][getRolById]:Encontro id:1
[17-04-2015 09:51:38]:[ControllerRol][getRolById]:Exito    id:1
[17-04-2015 09:51:38]:[ControllerRol][getRolById]:Buscando id:1
[17-04-2015 09:51:38]:[ControllerRol][getRolById]:Encontro id:1
[17-04-2015 09:51:38]:[ControllerRol][getRolById]:Exito    id:1
[17-04-2015 09:56:28]:[ControllerRol][getRolById]:Buscando id:1
[17-04-2015 09:56:28]:[ControllerRol][getRolById]:Buscando id:1
[17-04-2015 09:56:29]:[ControllerRol][getRolById]:Buscando id:1
[17-04-2015 09:56:29]:[ControllerRol][getRolById]:Buscando id:1
[17-04-2015 09:56:34]:[ControllerRol][getRolById]:Buscando id:1
[17-04-2015 09:56:34]:[ControllerRol][getRolById]:Encontro id:1
[17-04-2015 09:56:34]:[ControllerRol][getRolById]:Exito    id:1
[17-04-2015 09:56:35]:[ControllerRol][getRolById]:Buscando id:1
[17-04-2015 09:56:35]:[ControllerRol][getRolById]:Encontro id:1
[17-04-2015 09:56:35]:[ControllerRol][getRolById]:Exito    id:1
[17-04-2015 09:56:35]:[ControllerRol][getRolById]:Buscando id:1
[17-04-2015 09:56:35]:[ControllerRol][getRolById]:Encontro id:1
[17-04-2015 09:56:35]:[ControllerRol][getRolById]:Exito    id:1
[17-04-2015 09:57:37]:[ControllerRol][getRolById]:Buscando id:1
[17-04-2015 09:57:37]:[ControllerRol][getRolById]:Encontro id:1
[17-04-2015 09:57:37]:[ControllerRol][getRolById]:Exito    id:1
[17-04-2015 09:57:38]:[ControllerRol][getRolById]:Buscando id:1
[17-04-2015 09:57:38]:[ControllerRol][getRolById]:Encontro id:1
[17-04-2015 09:57:38]:[ControllerRol][getRolById]:Exito    id:1
[17-04-2015 09:57:38]:[ControllerRol][getRolById]:Buscando id:1
[17-04-2015 09:57:38]:[ControllerRol][getRolById]:Encontro id:1
[17-04-2015 09:57:38]:[ControllerRol][getRolById]:Exito    id:1
[17-04-2015 09:57:38]:[ControllerRol][getRolById]:Buscando id:1
[17-04-2015 09:57:38]:[ControllerRol][getRolById]:Encontro id:1
[17-04-2015 09:57:38]:[ControllerRol][getRolById]:Exito    id:1
[17-04-2015 09:57:47]:[ControllerRol][getRolById]:Buscando id:1
[17-04-2015 09:57:47]:[ControllerRol][getRolById]:Encontro id:1
[17-04-2015 09:57:47]:[ControllerRol][getRolById]:Exito    id:1
[17-04-2015 09:57:47]:[ControllerRol][getRolById]:Buscando id:1
[17-04-2015 09:57:47]:[ControllerRol][getRolById]:Encontro id:1
[17-04-2015 09:57:47]:[ControllerRol][getRolById]:Exito    id:1
[17-04-2015 09:57:47]:[ControllerRol][getRolById]:Buscando id:1
[17-04-2015 09:57:47]:[ControllerRol][getRolById]:Encontro id:1
[17-04-2015 09:57:47]:[ControllerRol][getRolById]:Exito    id:1
[17-04-2015 09:57:47]:[ControllerRol][getRolById]:Buscando id:1
[17-04-2015 09:57:47]:[ControllerRol][getRolById]:Encontro id:1
[17-04-2015 09:57:47]:[ControllerRol][getRolById]:Exito    id:1
[17-04-2015 09:57:54]:[ControllerRol][getRolById]:Buscando id:1
[17-04-2015 09:57:54]:[ControllerRol][getRolById]:Encontro id:1
[17-04-2015 09:57:54]:[ControllerRol][getRolById]:Exito    id:1
[17-04-2015 09:57:54]:[ControllerRol][getRolById]:Buscando id:1
[17-04-2015 09:57:54]:[ControllerRol][getRolById]:Encontro id:1
[17-04-2015 09:57:54]:[ControllerRol][getRolById]:Exito    id:1
[17-04-2015 09:57:54]:[ControllerRol][getRolById]:Buscando id:1
[17-04-2015 09:57:54]:[ControllerRol][getRolById]:Encontro id:1
[17-04-2015 09:57:54]:[ControllerRol][getRolById]:Exito    id:1
[17-04-2015 09:57:54]:[ControllerRol][getRolById]:Buscando id:1
[17-04-2015 09:57:54]:[ControllerRol][getRolById]:Encontro id:1
[17-04-2015 09:57:54]:[ControllerRol][getRolById]:Exito    id:1
[17-04-2015 10:01:24]:[ControllerRol][getRolById]:Buscando id:1
[17-04-2015 10:01:24]:[ControllerRol][getRolById]:Encontro id:1
[17-04-2015 10:01:24]:[ControllerRol][getRolById]:Exito    id:1
[17-04-2015 10:02:04]:[ControllerRol][getRolById]:Buscando id:1
[17-04-2015 10:02:04]:[ControllerRol][getRolById]:Encontro id:1
[17-04-2015 10:02:04]:[ControllerRol][getRolById]:Buscando id:1
[17-04-2015 10:02:04]:[ControllerRol][getRolById]:Encontro id:1
[17-04-2015 10:02:04]:[ControllerRol][getRolById]:Buscando id:1
[17-04-2015 10:02:04]:[ControllerRol][getRolById]:Encontro id:1
[17-04-2015 10:02:15]:[ControllerRol][getRolById]:Buscando id:1
[17-04-2015 10:02:15]:[ControllerRol][getRolById]:Encontro id:1
[17-04-2015 10:02:15]:[ControllerRol][getRolById]:Buscando id:1
[17-04-2015 10:02:15]:[ControllerRol][getRolById]:Encontro id:1
[17-04-2015 10:02:16]:[ControllerRol][getRolById]:Buscando id:1
[17-04-2015 10:02:16]:[ControllerRol][getRolById]:Encontro id:1
[17-04-2015 10:03:32]:[ControllerRol][getRolById]:Buscando id:1
[17-04-2015 10:03:32]:[ControllerRol][getRolById]:Encontro id:1
[17-04-2015 10:03:32]:[ControllerRol][getRolById]:Exito    id:1
[17-04-2015 10:03:32]:[ControllerRol][getRolById]:Buscando id:1
[17-04-2015 10:03:32]:[ControllerRol][getRolById]:Encontro id:1
[17-04-2015 10:03:32]:[ControllerRol][getRolById]:Exito    id:1
[17-04-2015 10:03:32]:[ControllerRol][getRolById]:Buscando id:1
[17-04-2015 10:03:32]:[ControllerRol][getRolById]:Encontro id:1
[17-04-2015 10:03:32]:[ControllerRol][getRolById]:Exito    id:1
[17-04-2015 10:24:09]:[ControllerRol][getRolById]:Buscando id:1
[17-04-2015 10:24:09]:[ControllerRol][getRolById]:Encontro id:1
[17-04-2015 10:24:09]:[ControllerRol][getRolById]:Exito    id:1
[17-04-2015 10:24:09]:[ControllerRol][getRolById]:Buscando id:1
[17-04-2015 10:24:09]:[ControllerRol][getRolById]:Encontro id:1
[17-04-2015 10:24:09]:[ControllerRol][getRolById]:Exito    id:1
[17-04-2015 10:24:09]:[ControllerRol][getRolById]:Buscando id:1
[17-04-2015 10:24:09]:[ControllerRol][getRolById]:Encontro id:1
[17-04-2015 10:24:09]:[ControllerRol][getRolById]:Exito    id:1
[17-04-2015 10:24:09]:[ControllerRol][getRolById]:Buscando id:1
[17-04-2015 10:24:09]:[ControllerRol][getRolById]:Encontro id:1
[17-04-2015 10:24:09]:[ControllerRol][getRolById]:Exito    id:1
[17-04-2015 10:24:09]:[ControllerRol][getRolById]:Buscando id:1
[17-04-2015 10:24:09]:[ControllerRol][getRolById]:Encontro id:1
[17-04-2015 10:24:09]:[ControllerRol][getRolById]:Exito    id:1
[17-04-2015 10:24:10]:[ControllerRol][getRolById]:Buscando id:1
[17-04-2015 10:24:10]:[ControllerRol][getRolById]:Encontro id:1
[17-04-2015 10:24:10]:[ControllerRol][getRolById]:Exito    id:1
[17-04-2015 10:24:10]:[ControllerRol][getRolById]:Buscando id:1
[17-04-2015 10:24:10]:[ControllerRol][getRolById]:Encontro id:1
[17-04-2015 10:24:10]:[ControllerRol][getRolById]:Exito    id:1
[17-04-2015 10:24:10]:[ControllerRol][getRolById]:Buscando id:1
[17-04-2015 10:24:10]:[ControllerRol][getRolById]:Encontro id:1
[17-04-2015 10:24:10]:[ControllerRol][getRolById]:Exito    id:1
[17-04-2015 10:24:10]:[ControllerRol][getRolById]:Buscando id:1
[17-04-2015 10:24:10]:[ControllerRol][getRolById]:Encontro id:1
[17-04-2015 10:24:10]:[ControllerRol][getRolById]:Exito    id:1
[17-04-2015 10:24:11]:[ControllerRol][getRolById]:Buscando id:1
[17-04-2015 10:24:11]:[ControllerRol][getRolById]:Encontro id:1
[17-04-2015 10:24:11]:[ControllerRol][getRolById]:Exito    id:1
[17-04-2015 10:24:11]:[ControllerRol][getRolById]:Buscando id:1
[17-04-2015 10:24:11]:[ControllerRol][getRolById]:Encontro id:1
[17-04-2015 10:24:11]:[ControllerRol][getRolById]:Exito    id:1
[17-04-2015 10:24:11]:[ControllerRol][getRolById]:Buscando id:1
[17-04-2015 10:24:11]:[ControllerRol][getRolById]:Encontro id:1
[17-04-2015 10:24:11]:[ControllerRol][getRolById]:Exito    id:1
[17-04-2015 10:24:11]:[ControllerRol][getRolById]:Buscando id:1
[17-04-2015 10:24:11]:[ControllerRol][getRolById]:Encontro id:1
[17-04-2015 10:24:11]:[ControllerRol][getRolById]:Exito    id:1
[17-04-2015 10:24:11]:[ControllerRol][getRolById]:Buscando id:1
[17-04-2015 10:24:11]:[ControllerRol][getRolById]:Encontro id:1
[17-04-2015 10:24:11]:[ControllerRol][getRolById]:Exito    id:1
[17-04-2015 10:24:12]:[ControllerRol][getRolById]:Buscando id:1
[17-04-2015 10:24:12]:[ControllerRol][getRolById]:Encontro id:1
[17-04-2015 10:24:12]:[ControllerRol][getRolById]:Exito    id:1
[17-04-2015 10:24:12]:[ControllerRol][getRolById]:Buscando id:1
[17-04-2015 10:24:12]:[ControllerRol][getRolById]:Encontro id:1
[17-04-2015 10:24:12]:[ControllerRol][getRolById]:Exito    id:1
[17-04-2015 10:24:12]:[ControllerRol][getRolById]:Buscando id:1
[17-04-2015 10:24:12]:[ControllerRol][getRolById]:Encontro id:1
[17-04-2015 10:24:12]:[ControllerRol][getRolById]:Exito    id:1
[17-04-2015 10:24:17]:[ControllerRol][getRolById]:Buscando id:1
[17-04-2015 10:24:17]:[ControllerRol][getRolById]:Encontro id:1
[17-04-2015 10:24:17]:[ControllerRol][getRolById]:Exito    id:1
[17-04-2015 10:24:17]:[ControllerRol][getRolById]:Buscando id:1
[17-04-2015 10:24:17]:[ControllerRol][getRolById]:Encontro id:1
[17-04-2015 10:24:17]:[ControllerRol][getRolById]:Exito    id:1
[17-04-2015 10:24:18]:[ControllerRol][getRolById]:Buscando id:1
[17-04-2015 10:24:18]:[ControllerRol][getRolById]:Encontro id:1
[17-04-2015 10:24:18]:[ControllerRol][getRolById]:Exito    id:1
[17-04-2015 10:24:28]:[ControllerRol][getRolById]:Buscando id:1
[17-04-2015 10:24:28]:[ControllerRol][getRolById]:Encontro id:1
[17-04-2015 10:24:28]:[ControllerRol][getRolById]:Exito    id:1
[17-04-2015 10:24:28]:[ControllerRol][getRolById]:Buscando id:1
[17-04-2015 10:24:28]:[ControllerRol][getRolById]:Encontro id:1
[17-04-2015 10:24:28]:[ControllerRol][getRolById]:Exito    id:1
[17-04-2015 10:29:13]:[ControllerRol][getRolById]:Buscando id:1
[17-04-2015 10:29:13]:[ControllerRol][getRolById]:Encontro id:1
[17-04-2015 10:29:13]:[ControllerRol][getRolById]:Exito    id:1
[17-04-2015 10:29:13]:[ControllerRol][getRolById]:Buscando id:1
[17-04-2015 10:29:13]:[ControllerRol][getRolById]:Encontro id:1
[17-04-2015 10:29:13]:[ControllerRol][getRolById]:Exito    id:1
[17-04-2015 10:29:13]:[ControllerRol][getRolById]:Buscando id:1
[17-04-2015 10:29:13]:[ControllerRol][getRolById]:Encontro id:1
[17-04-2015 10:29:13]:[ControllerRol][getRolById]:Exito    id:1
[17-04-2015 10:45:19]:[ControllerRol][getRolById]:Buscando id:1
[17-04-2015 10:45:19]:[ControllerRol][getRolById]:Encontro id:1
[17-04-2015 10:45:19]:[ControllerRol][getRolById]:Exito    id:1
[17-04-2015 10:45:19]:[ControllerRol][getRolById]:Buscando id:1
[17-04-2015 10:45:19]:[ControllerRol][getRolById]:Encontro id:1
[17-04-2015 10:45:19]:[ControllerRol][getRolById]:Exito    id:1
[17-04-2015 10:45:19]:[ControllerRol][getRolById]:Buscando id:1
[17-04-2015 10:45:19]:[ControllerRol][getRolById]:Encontro id:1
[17-04-2015 10:45:19]:[ControllerRol][getRolById]:Exito    id:1
[17-04-2015 10:45:19]:[ControllerRol][getRolById]:Buscando id:1
[17-04-2015 10:45:19]:[ControllerRol][getRolById]:Encontro id:1
[17-04-2015 10:45:19]:[ControllerRol][getRolById]:Exito    id:1
[17-04-2015 10:45:19]:[ControllerRol][getRolById]:Buscando id:1
[17-04-2015 10:45:19]:[ControllerRol][getRolById]:Encontro id:1
[17-04-2015 10:45:19]:[ControllerRol][getRolById]:Exito    id:1
[17-04-2015 10:45:19]:[ControllerRol][getRolById]:Buscando id:1
[17-04-2015 10:45:19]:[ControllerRol][getRolById]:Encontro id:1
[17-04-2015 10:45:19]:[ControllerRol][getRolById]:Exito    id:1
[17-04-2015 10:45:20]:[ControllerRol][getRolById]:Buscando id:1
[17-04-2015 10:45:20]:[ControllerRol][getRolById]:Encontro id:1
[17-04-2015 10:45:20]:[ControllerRol][getRolById]:Exito    id:1
[17-04-2015 10:45:20]:[ControllerRol][getRolById]:Buscando id:1
[17-04-2015 10:45:20]:[ControllerRol][getRolById]:Encontro id:1
[17-04-2015 10:45:20]:[ControllerRol][getRolById]:Exito    id:1
[17-04-2015 10:45:20]:[ControllerRol][getRolById]:Buscando id:1
[17-04-2015 10:45:20]:[ControllerRol][getRolById]:Encontro id:1
[17-04-2015 10:45:20]:[ControllerRol][getRolById]:Exito    id:1
[17-04-2015 10:45:20]:[ControllerRol][getRolById]:Buscando id:1
[17-04-2015 10:45:20]:[ControllerRol][getRolById]:Encontro id:1
[17-04-2015 10:45:20]:[ControllerRol][getRolById]:Exito    id:1
[17-04-2015 10:45:20]:[ControllerRol][getRolById]:Buscando id:1
[17-04-2015 10:45:20]:[ControllerRol][getRolById]:Encontro id:1
[17-04-2015 10:45:20]:[ControllerRol][getRolById]:Exito    id:1
[17-04-2015 11:14:57]:[ControllerRol][getRolById]:Buscando id:1
[17-04-2015 11:14:57]:[ControllerRol][getRolById]:Encontro id:1
[17-04-2015 11:14:57]:[ControllerRol][getRolById]:Exito    id:1
[17-04-2015 11:15:12]:[ControllerRol][getRolById]:Buscando id:1
[17-04-2015 11:15:13]:[ControllerRol][getRolById]:Buscando id:1
[17-04-2015 11:15:13]:[ControllerRol][getRolById]:Buscando id:1
[17-04-2015 11:15:35]:[ControllerRol][getRolById]:Buscando id:1
[17-04-2015 11:15:35]:[ControllerRol][getRolById]:Encontro id:1
[17-04-2015 11:15:35]:[ControllerRol][getRolById]:Exito    id:1
[17-04-2015 11:15:35]:[ControllerRol][getRolById]:Buscando id:1
[17-04-2015 11:15:35]:[ControllerRol][getRolById]:Encontro id:1
[17-04-2015 11:15:35]:[ControllerRol][getRolById]:Exito    id:1
[17-04-2015 11:15:36]:[ControllerRol][getRolById]:Buscando id:1
[17-04-2015 11:15:36]:[ControllerRol][getRolById]:Encontro id:1
[17-04-2015 11:15:36]:[ControllerRol][getRolById]:Exito    id:1
[17-04-2015 11:17:33]:[ControllerRol][getRolById]:Buscando id:1
[17-04-2015 11:17:33]:[ControllerRol][getRolById]:Encontro id:1
[17-04-2015 11:17:33]:[ControllerRol][getRolById]:Exito    id:1
[17-04-2015 11:17:33]:[ControllerRol][getRolById]:Buscando id:1
[17-04-2015 11:17:33]:[ControllerRol][getRolById]:Encontro id:1
[17-04-2015 11:17:33]:[ControllerRol][getRolById]:Exito    id:1
[17-04-2015 11:17:34]:[ControllerRol][getRolById]:Buscando id:1
[17-04-2015 11:17:34]:[ControllerRol][getRolById]:Encontro id:1
[17-04-2015 11:17:34]:[ControllerRol][getRolById]:Exito    id:1
[17-04-2015 11:21:48]:[ControllerRol][getRolById]:Buscando id:1
[17-04-2015 11:21:48]:[ControllerRol][getRolById]:Buscando id:1
[17-04-2015 11:21:48]:[ControllerRol][getRolById]:Buscando id:1
[17-04-2015 11:21:48]:[ControllerRol][getRolById]:Buscando id:1
[17-04-2015 11:23:48]:[ControllerRol][getRolById]:Buscando id:1
[17-04-2015 11:23:48]:[ControllerRol][getRolById]:Buscando id:1
[17-04-2015 11:23:48]:[ControllerRol][getRolById]:Buscando id:1
[17-04-2015 11:24:02]:[ControllerRol][getRolById]:Buscando id:1
[17-04-2015 11:24:02]:[ControllerRol][getRolById]:Encontro id:1
[17-04-2015 11:24:02]:[ControllerRol][getRolById]:Exito    id:1
[17-04-2015 11:24:02]:[ControllerRol][getRolById]:Buscando id:1
[17-04-2015 11:24:02]:[ControllerRol][getRolById]:Encontro id:1
[17-04-2015 11:24:02]:[ControllerRol][getRolById]:Exito    id:1
[17-04-2015 11:24:02]:[ControllerRol][getRolById]:Buscando id:1
[17-04-2015 11:24:02]:[ControllerRol][getRolById]:Encontro id:1
[17-04-2015 11:24:02]:[ControllerRol][getRolById]:Exito    id:1
[17-04-2015 11:26:07]:[ControllerRol][getRolById]:Buscando id:1
[17-04-2015 11:26:07]:[ControllerRol][getRolById]:Encontro id:1
[17-04-2015 11:26:07]:[ControllerRol][getRolById]:Exito    id:1
[17-04-2015 11:26:07]:[ControllerRol][getRolById]:Buscando id:1
[17-04-2015 11:26:07]:[ControllerRol][getRolById]:Encontro id:1
[17-04-2015 11:26:07]:[ControllerRol][getRolById]:Exito    id:1
[17-04-2015 11:26:08]:[ControllerRol][getRolById]:Buscando id:1
[17-04-2015 11:26:08]:[ControllerRol][getRolById]:Encontro id:1
[17-04-2015 11:26:08]:[ControllerRol][getRolById]:Exito    id:1
[17-04-2015 11:26:17]:[ControllerRol][getRolById]:Buscando id:1
[17-04-2015 11:26:17]:[ControllerRol][getRolById]:Encontro id:1
[17-04-2015 11:26:17]:[ControllerRol][getRolById]:Exito    id:1
[17-04-2015 11:26:18]:[ControllerRol][getRolById]:Buscando id:1
[17-04-2015 11:26:18]:[ControllerRol][getRolById]:Encontro id:1
[17-04-2015 11:26:18]:[ControllerRol][getRolById]:Exito    id:1
[17-04-2015 11:26:18]:[ControllerRol][getRolById]:Buscando id:1
[17-04-2015 11:26:18]:[ControllerRol][getRolById]:Encontro id:1
[17-04-2015 11:26:18]:[ControllerRol][getRolById]:Exito    id:1
[17-04-2015 11:26:18]:[ControllerRol][getRolById]:Buscando id:1
[17-04-2015 11:26:18]:[ControllerRol][getRolById]:Encontro id:1
[17-04-2015 11:26:18]:[ControllerRol][getRolById]:Exito    id:1
[17-04-2015 11:26:18]:[ControllerRol][getRolById]:Buscando id:1
[17-04-2015 11:26:18]:[ControllerRol][getRolById]:Encontro id:1
[17-04-2015 11:26:18]:[ControllerRol][getRolById]:Exito    id:1
[17-04-2015 11:26:18]:[ControllerRol][getRolById]:Buscando id:1
[17-04-2015 11:26:18]:[ControllerRol][getRolById]:Encontro id:1
[17-04-2015 11:26:18]:[ControllerRol][getRolById]:Exito    id:1
[17-04-2015 11:26:18]:[ControllerRol][getRolById]:Buscando id:1
[17-04-2015 11:26:18]:[ControllerRol][getRolById]:Encontro id:1
[17-04-2015 11:26:18]:[ControllerRol][getRolById]:Exito    id:1
[17-04-2015 11:26:18]:[ControllerRol][getRolById]:Buscando id:1
[17-04-2015 11:26:18]:[ControllerRol][getRolById]:Encontro id:1
[17-04-2015 11:26:18]:[ControllerRol][getRolById]:Exito    id:1
[17-04-2015 11:26:52]:[ControllerRol][getRolById]:Buscando id:1
[17-04-2015 11:26:52]:[ControllerRol][getRolById]:Encontro id:1
[17-04-2015 11:26:52]:[ControllerRol][getRolById]:Exito    id:1
[17-04-2015 11:26:52]:[ControllerRol][getRolById]:Buscando id:1
[17-04-2015 11:26:52]:[ControllerRol][getRolById]:Encontro id:1
[17-04-2015 11:26:52]:[ControllerRol][getRolById]:Exito    id:1
[17-04-2015 11:26:52]:[ControllerRol][getRolById]:Buscando id:1
[17-04-2015 11:26:52]:[ControllerRol][getRolById]:Encontro id:1
[17-04-2015 11:26:52]:[ControllerRol][getRolById]:Exito    id:1
[17-04-2015 11:26:52]:[ControllerRol][getRolById]:Buscando id:1
[17-04-2015 11:26:52]:[ControllerRol][getRolById]:Encontro id:1
[17-04-2015 11:26:52]:[ControllerRol][getRolById]:Exito    id:1
[17-04-2015 11:26:52]:[ControllerRol][getRolById]:Buscando id:1
[17-04-2015 11:26:52]:[ControllerRol][getRolById]:Encontro id:1
[17-04-2015 11:26:52]:[ControllerRol][getRolById]:Exito    id:1
[17-04-2015 11:26:52]:[ControllerRol][getRolById]:Buscando id:1
[17-04-2015 11:26:52]:[ControllerRol][getRolById]:Encontro id:1
[17-04-2015 11:26:52]:[ControllerRol][getRolById]:Exito    id:1
[17-04-2015 11:26:53]:[ControllerRol][getRolById]:Buscando id:1
[17-04-2015 11:26:53]:[ControllerRol][getRolById]:Encontro id:1
[17-04-2015 11:26:53]:[ControllerRol][getRolById]:Exito    id:1
[17-04-2015 11:26:58]:[ControllerRol][getRolById]:Buscando id:1
[17-04-2015 11:26:58]:[ControllerRol][getRolById]:Encontro id:1
[17-04-2015 11:26:58]:[ControllerRol][getRolById]:Exito    id:1
[17-04-2015 11:26:58]:[ControllerRol][getRolById]:Buscando id:1
[17-04-2015 11:26:58]:[ControllerRol][getRolById]:Encontro id:1
[17-04-2015 11:26:58]:[ControllerRol][getRolById]:Exito    id:1
[17-04-2015 11:26:59]:[ControllerRol][getRolById]:Buscando id:1
[17-04-2015 11:26:59]:[ControllerRol][getRolById]:Encontro id:1
[17-04-2015 11:26:59]:[ControllerRol][getRolById]:Exito    id:1
[17-04-2015 11:26:59]:[ControllerRol][getRolById]:Buscando id:1
[17-04-2015 11:26:59]:[ControllerRol][getRolById]:Encontro id:1
[17-04-2015 11:26:59]:[ControllerRol][getRolById]:Exito    id:1
[17-04-2015 11:26:59]:[ControllerRol][getRolById]:Buscando id:1
[17-04-2015 11:26:59]:[ControllerRol][getRolById]:Encontro id:1
[17-04-2015 11:26:59]:[ControllerRol][getRolById]:Exito    id:1
[17-04-2015 11:27:31]:[ControllerRol][getRolById]:Buscando id:1
[17-04-2015 11:27:31]:[ControllerRol][getRolById]:Encontro id:1
[17-04-2015 11:27:31]:[ControllerRol][getRolById]:Exito    id:1
[17-04-2015 11:27:31]:[ControllerRol][getRolById]:Buscando id:1
[17-04-2015 11:27:31]:[ControllerRol][getRolById]:Encontro id:1
[17-04-2015 11:27:31]:[ControllerRol][getRolById]:Exito    id:1
[17-04-2015 11:27:31]:[ControllerRol][getRolById]:Buscando id:1
[17-04-2015 11:27:31]:[ControllerRol][getRolById]:Encontro id:1
[17-04-2015 11:27:31]:[ControllerRol][getRolById]:Exito    id:1
[17-04-2015 11:27:31]:[ControllerRol][getRolById]:Buscando id:1
[17-04-2015 11:27:31]:[ControllerRol][getRolById]:Encontro id:1
[17-04-2015 11:27:31]:[ControllerRol][getRolById]:Exito    id:1
[17-04-2015 11:27:31]:[ControllerRol][getRolById]:Buscando id:1
[17-04-2015 11:27:31]:[ControllerRol][getRolById]:Encontro id:1
[17-04-2015 11:27:31]:[ControllerRol][getRolById]:Exito    id:1
[17-04-2015 11:27:32]:[ControllerRol][getRolById]:Buscando id:1
[17-04-2015 11:27:32]:[ControllerRol][getRolById]:Encontro id:1
[17-04-2015 11:27:32]:[ControllerRol][getRolById]:Exito    id:1
[17-04-2015 11:27:32]:[ControllerRol][getRolById]:Buscando id:1
[17-04-2015 11:27:32]:[ControllerRol][getRolById]:Encontro id:1
[17-04-2015 11:27:32]:[ControllerRol][getRolById]:Exito    id:1
[17-04-2015 11:27:32]:[ControllerRol][getRolById]:Buscando id:1
[17-04-2015 11:27:32]:[ControllerRol][getRolById]:Encontro id:1
[17-04-2015 11:27:32]:[ControllerRol][getRolById]:Exito    id:1
[17-04-2015 11:27:32]:[ControllerRol][getRolById]:Buscando id:1
[17-04-2015 11:27:32]:[ControllerRol][getRolById]:Encontro id:1
[17-04-2015 11:27:32]:[ControllerRol][getRolById]:Exito    id:1
[17-04-2015 11:27:32]:[ControllerRol][getRolById]:Buscando id:1
[17-04-2015 11:27:32]:[ControllerRol][getRolById]:Encontro id:1
[17-04-2015 11:27:32]:[ControllerRol][getRolById]:Exito    id:1
[17-04-2015 11:27:32]:[ControllerRol][getRolById]:Buscando id:1
[17-04-2015 11:27:32]:[ControllerRol][getRolById]:Encontro id:1
[17-04-2015 11:27:32]:[ControllerRol][getRolById]:Exito    id:1
[17-04-2015 11:27:32]:[ControllerRol][getRolById]:Buscando id:1
[17-04-2015 11:27:32]:[ControllerRol][getRolById]:Encontro id:1
[17-04-2015 11:27:32]:[ControllerRol][getRolById]:Exito    id:1
[17-04-2015 11:27:33]:[ControllerRol][getRolById]:Buscando id:1
[17-04-2015 11:27:33]:[ControllerRol][getRolById]:Encontro id:1
[17-04-2015 11:27:33]:[ControllerRol][getRolById]:Exito    id:1
[17-04-2015 11:28:19]:[ControllerRol][getRolById]:Buscando id:1
[17-04-2015 11:28:19]:[ControllerRol][getRolById]:Encontro id:1
[17-04-2015 11:28:19]:[ControllerRol][getRolById]:Exito    id:1
[17-04-2015 11:28:19]:[ControllerRol][getRolById]:Buscando id:1
[17-04-2015 11:28:19]:[ControllerRol][getRolById]:Encontro id:1
[17-04-2015 11:28:19]:[ControllerRol][getRolById]:Exito    id:1
[17-04-2015 11:28:19]:[ControllerRol][getRolById]:Buscando id:1
[17-04-2015 11:28:19]:[ControllerRol][getRolById]:Encontro id:1
[17-04-2015 11:28:19]:[ControllerRol][getRolById]:Exito    id:1
[17-04-2015 11:28:19]:[ControllerRol][getRolById]:Buscando id:1
[17-04-2015 11:28:19]:[ControllerRol][getRolById]:Encontro id:1
[17-04-2015 11:28:19]:[ControllerRol][getRolById]:Exito    id:1
[17-04-2015 11:28:19]:[ControllerRol][getRolById]:Buscando id:1
[17-04-2015 11:28:19]:[ControllerRol][getRolById]:Encontro id:1
[17-04-2015 11:28:19]:[ControllerRol][getRolById]:Exito    id:1
[17-04-2015 11:33:40]:[ControllerRol][getRolById]:Buscando id:1
[17-04-2015 11:33:40]:[ControllerRol][getRolById]:Encontro id:1
[17-04-2015 11:33:40]:[ControllerRol][getRolById]:Exito    id:1
[17-04-2015 11:33:41]:[ControllerRol][getRolById]:Buscando id:1
[17-04-2015 11:33:41]:[ControllerRol][getRolById]:Encontro id:1
[17-04-2015 11:33:41]:[ControllerRol][getRolById]:Exito    id:1
[17-04-2015 11:33:41]:[ControllerRol][getRolById]:Buscando id:1
[17-04-2015 11:33:41]:[ControllerRol][getRolById]:Encontro id:1
[17-04-2015 11:33:41]:[ControllerRol][getRolById]:Exito    id:1
[17-04-2015 11:33:41]:[ControllerRol][getRolById]:Buscando id:1
[17-04-2015 11:33:41]:[ControllerRol][getRolById]:Encontro id:1
[17-04-2015 11:33:41]:[ControllerRol][getRolById]:Exito    id:1
[17-04-2015 11:34:16]:[ControllerRol][getRolById]:Buscando id:1
[17-04-2015 11:34:16]:[ControllerRol][getRolById]:Encontro id:1
[17-04-2015 11:34:16]:[ControllerRol][getRolById]:Exito    id:1
[17-04-2015 11:34:16]:[ControllerRol][getRolById]:Buscando id:1
[17-04-2015 11:34:16]:[ControllerRol][getRolById]:Encontro id:1
[17-04-2015 11:34:16]:[ControllerRol][getRolById]:Exito    id:1
[17-04-2015 11:34:16]:[ControllerRol][getRolById]:Buscando id:1
[17-04-2015 11:34:16]:[ControllerRol][getRolById]:Encontro id:1
[17-04-2015 11:34:16]:[ControllerRol][getRolById]:Exito    id:1
[17-04-2015 11:34:16]:[ControllerRol][getRolById]:Buscando id:1
[17-04-2015 11:34:16]:[ControllerRol][getRolById]:Encontro id:1
[17-04-2015 11:34:16]:[ControllerRol][getRolById]:Exito    id:1
[17-04-2015 11:34:17]:[ControllerRol][getRolById]:Buscando id:1
[17-04-2015 11:34:17]:[ControllerRol][getRolById]:Encontro id:1
[17-04-2015 11:34:17]:[ControllerRol][getRolById]:Exito    id:1
[17-04-2015 11:35:15]:[ControllerRol][getRolById]:Buscando id:1
[17-04-2015 11:35:15]:[ControllerRol][getRolById]:Encontro id:1
[17-04-2015 11:35:15]:[ControllerRol][getRolById]:Exito    id:1
[17-04-2015 11:35:16]:[ControllerRol][getRolById]:Buscando id:1
[17-04-2015 11:35:16]:[ControllerRol][getRolById]:Encontro id:1
[17-04-2015 11:35:16]:[ControllerRol][getRolById]:Exito    id:1
[17-04-2015 11:35:16]:[ControllerRol][getRolById]:Buscando id:1
[17-04-2015 11:35:16]:[ControllerRol][getRolById]:Encontro id:1
[17-04-2015 11:35:16]:[ControllerRol][getRolById]:Exito    id:1
[17-04-2015 11:35:16]:[ControllerRol][getRolById]:Buscando id:1
[17-04-2015 11:35:16]:[ControllerRol][getRolById]:Encontro id:1
[17-04-2015 11:35:16]:[ControllerRol][getRolById]:Exito    id:1
[17-04-2015 11:35:16]:[ControllerRol][getRolById]:Buscando id:1
[17-04-2015 11:35:16]:[ControllerRol][getRolById]:Encontro id:1
[17-04-2015 11:35:16]:[ControllerRol][getRolById]:Exito    id:1
[17-04-2015 11:35:16]:[ControllerRol][getRolById]:Buscando id:1
[17-04-2015 11:35:16]:[ControllerRol][getRolById]:Encontro id:1
[17-04-2015 11:35:16]:[ControllerRol][getRolById]:Exito    id:1
[17-04-2015 11:35:32]:[ControllerRol][getRolById]:Buscando id:1
[17-04-2015 11:35:32]:[ControllerRol][getRolById]:Buscando id:1
[17-04-2015 11:35:32]:[ControllerRol][getRolById]:Buscando id:1
[17-04-2015 11:35:42]:[ControllerRol][getRolById]:Buscando id:1
[17-04-2015 11:35:42]:[ControllerRol][getRolById]:Buscando id:1
[17-04-2015 11:35:43]:[ControllerRol][getRolById]:Buscando id:1
[17-04-2015 11:35:43]:[ControllerRol][getRolById]:Buscando id:1
[17-04-2015 11:36:16]:[ControllerRol][getRolById]:Buscando id:1
[17-04-2015 11:36:16]:[ControllerRol][getRolById]:Buscando id:1
[17-04-2015 11:36:16]:[ControllerRol][getRolById]:Buscando id:1
[17-04-2015 11:36:48]:[ControllerRol][getRolById]:Buscando id:1
[17-04-2015 11:36:48]:[ControllerRol][getRolById]:Buscando id:1
[17-04-2015 11:36:49]:[ControllerRol][getRolById]:Buscando id:1
[17-04-2015 11:36:49]:[ControllerRol][getRolById]:Buscando id:1
[17-04-2015 11:37:17]:[ControllerRol][getRolById]:Buscando id:1
[17-04-2015 11:37:17]:[ControllerRol][getRolById]:Encontro id:1
[17-04-2015 11:37:17]:[ControllerRol][getRolById]:Exito    id:1
[17-04-2015 11:37:17]:[ControllerRol][getRolById]:Buscando id:1
[17-04-2015 11:37:17]:[ControllerRol][getRolById]:Encontro id:1
[17-04-2015 11:37:17]:[ControllerRol][getRolById]:Exito    id:1
[17-04-2015 11:37:17]:[ControllerRol][getRolById]:Buscando id:1
[17-04-2015 11:37:17]:[ControllerRol][getRolById]:Encontro id:1
[17-04-2015 11:37:17]:[ControllerRol][getRolById]:Exito    id:1
[17-04-2015 11:37:17]:[ControllerRol][getRolById]:Buscando id:1
[17-04-2015 11:37:17]:[ControllerRol][getRolById]:Encontro id:1
[17-04-2015 11:37:17]:[ControllerRol][getRolById]:Exito    id:1
[17-04-2015 11:38:32]:[ControllerRol][getRolById]:Buscando id:1
[17-04-2015 11:38:32]:[ControllerRol][getRolById]:Encontro id:1
[17-04-2015 11:38:32]:[ControllerRol][getRolById]:Exito    id:1
[17-04-2015 11:38:33]:[ControllerRol][getRolById]:Buscando id:1
[17-04-2015 11:38:33]:[ControllerRol][getRolById]:Encontro id:1
[17-04-2015 11:38:33]:[ControllerRol][getRolById]:Exito    id:1
[17-04-2015 11:38:33]:[ControllerRol][getRolById]:Buscando id:1
[17-04-2015 11:38:33]:[ControllerRol][getRolById]:Encontro id:1
[17-04-2015 11:38:33]:[ControllerRol][getRolById]:Exito    id:1
[17-04-2015 11:38:33]:[ControllerRol][getRolById]:Buscando id:1
[17-04-2015 11:38:33]:[ControllerRol][getRolById]:Encontro id:1
[17-04-2015 11:38:33]:[ControllerRol][getRolById]:Exito    id:1
[17-04-2015 11:38:33]:[ControllerRol][getRolById]:Buscando id:1
[17-04-2015 11:38:33]:[ControllerRol][getRolById]:Encontro id:1
[17-04-2015 11:38:33]:[ControllerRol][getRolById]:Exito    id:1
[17-04-2015 11:40:10]:[ControllerRol][getRolById]:Buscando id:1
[17-04-2015 11:40:10]:[ControllerRol][getRolById]:Encontro id:1
[17-04-2015 11:40:10]:[ControllerRol][getRolById]:Exito    id:1
[17-04-2015 11:40:10]:[ControllerRol][getRolById]:Buscando id:1
[17-04-2015 11:40:10]:[ControllerRol][getRolById]:Encontro id:1
[17-04-2015 11:40:10]:[ControllerRol][getRolById]:Exito    id:1
[17-04-2015 11:41:04]:[ControllerRol][getRolById]:Buscando id:1
[17-04-2015 11:41:04]:[ControllerRol][getRolById]:Encontro id:1
[17-04-2015 11:41:04]:[ControllerRol][getRolById]:Exito    id:1
[17-04-2015 11:41:04]:[ControllerRol][getRolById]:Buscando id:1
[17-04-2015 11:41:04]:[ControllerRol][getRolById]:Encontro id:1
[17-04-2015 11:41:04]:[ControllerRol][getRolById]:Exito    id:1
[17-04-2015 11:41:04]:[ControllerRol][getRolById]:Buscando id:1
[17-04-2015 11:41:04]:[ControllerRol][getRolById]:Encontro id:1
[17-04-2015 11:41:04]:[ControllerRol][getRolById]:Exito    id:1
[17-04-2015 11:41:04]:[ControllerRol][getRolById]:Buscando id:1
[17-04-2015 11:41:04]:[ControllerRol][getRolById]:Encontro id:1
[17-04-2015 11:41:04]:[ControllerRol][getRolById]:Exito    id:1
[17-04-2015 11:41:05]:[ControllerRol][getRolById]:Buscando id:1
[17-04-2015 11:41:05]:[ControllerRol][getRolById]:Encontro id:1
[17-04-2015 11:41:05]:[ControllerRol][getRolById]:Exito    id:1
[17-04-2015 11:41:05]:[ControllerRol][getRolById]:Buscando id:1
[17-04-2015 11:41:05]:[ControllerRol][getRolById]:Encontro id:1
[17-04-2015 11:41:05]:[ControllerRol][getRolById]:Exito    id:1
[17-04-2015 11:41:05]:[ControllerRol][getRolById]:Buscando id:1
[17-04-2015 11:41:05]:[ControllerRol][getRolById]:Encontro id:1
[17-04-2015 11:41:05]:[ControllerRol][getRolById]:Exito    id:1
[17-04-2015 11:41:05]:[ControllerRol][getRolById]:Buscando id:1
[17-04-2015 11:41:05]:[ControllerRol][getRolById]:Encontro id:1
[17-04-2015 11:41:05]:[ControllerRol][getRolById]:Exito    id:1
[17-04-2015 11:41:05]:[ControllerRol][getRolById]:Buscando id:1
[17-04-2015 11:41:05]:[ControllerRol][getRolById]:Encontro id:1
[17-04-2015 11:41:05]:[ControllerRol][getRolById]:Exito    id:1
[17-04-2015 11:41:05]:[ControllerRol][getRolById]:Buscando id:1
[17-04-2015 11:41:05]:[ControllerRol][getRolById]:Encontro id:1
[17-04-2015 11:41:05]:[ControllerRol][getRolById]:Exito    id:1
[17-04-2015 11:41:10]:[ControllerRol][getRolById]:Buscando id:1
[17-04-2015 11:41:10]:[ControllerRol][getRolById]:Encontro id:1
[17-04-2015 11:41:10]:[ControllerRol][getRolById]:Exito    id:1
[17-04-2015 11:41:10]:[ControllerRol][getRolById]:Buscando id:1
[17-04-2015 11:41:10]:[ControllerRol][getRolById]:Encontro id:1
[17-04-2015 11:41:10]:[ControllerRol][getRolById]:Exito    id:1
[17-04-2015 11:41:10]:[ControllerRol][getRolById]:Buscando id:1
[17-04-2015 11:41:10]:[ControllerRol][getRolById]:Encontro id:1
[17-04-2015 11:41:10]:[ControllerRol][getRolById]:Exito    id:1
[17-04-2015 11:41:10]:[ControllerRol][getRolById]:Buscando id:1
[17-04-2015 11:41:10]:[ControllerRol][getRolById]:Encontro id:1
[17-04-2015 11:41:10]:[ControllerRol][getRolById]:Exito    id:1
[17-04-2015 11:41:10]:[ControllerRol][getRolById]:Buscando id:1
[17-04-2015 11:41:10]:[ControllerRol][getRolById]:Encontro id:1
[17-04-2015 11:41:10]:[ControllerRol][getRolById]:Exito    id:1
[17-04-2015 11:41:27]:[ControllerRol][getRolById]:Buscando id:1
[17-04-2015 11:41:27]:[ControllerRol][getRolById]:Encontro id:1
[17-04-2015 11:41:27]:[ControllerRol][getRolById]:Exito    id:1
[17-04-2015 11:41:27]:[ControllerRol][getRolById]:Buscando id:1
[17-04-2015 11:41:27]:[ControllerRol][getRolById]:Encontro id:1
[17-04-2015 11:41:27]:[ControllerRol][getRolById]:Exito    id:1
[17-04-2015 11:41:27]:[ControllerRol][getRolById]:Buscando id:1
[17-04-2015 11:41:27]:[ControllerRol][getRolById]:Encontro id:1
[17-04-2015 11:41:27]:[ControllerRol][getRolById]:Exito    id:1
[17-04-2015 11:41:27]:[ControllerRol][getRolById]:Buscando id:1
[17-04-2015 11:41:27]:[ControllerRol][getRolById]:Encontro id:1
[17-04-2015 11:41:27]:[ControllerRol][getRolById]:Exito    id:1
[17-04-2015 11:42:54]:[ControllerRol][getRolById]:Buscando id:1
[17-04-2015 11:42:54]:[ControllerRol][getRolById]:Encontro id:1
[17-04-2015 11:42:54]:[ControllerRol][getRolById]:Exito    id:1
[17-04-2015 11:42:54]:[ControllerRol][getRolById]:Buscando id:1
[17-04-2015 11:42:54]:[ControllerRol][getRolById]:Encontro id:1
[17-04-2015 11:42:54]:[ControllerRol][getRolById]:Exito    id:1
[17-04-2015 11:42:54]:[ControllerRol][getRolById]:Buscando id:1
[17-04-2015 11:42:54]:[ControllerRol][getRolById]:Encontro id:1
[17-04-2015 11:42:54]:[ControllerRol][getRolById]:Exito    id:1
[17-04-2015 11:42:54]:[ControllerRol][getRolById]:Buscando id:1
[17-04-2015 11:42:54]:[ControllerRol][getRolById]:Encontro id:1
[17-04-2015 11:42:54]:[ControllerRol][getRolById]:Exito    id:1
[17-04-2015 11:42:54]:[ControllerRol][getRolById]:Buscando id:1
[17-04-2015 11:42:54]:[ControllerRol][getRolById]:Encontro id:1
[17-04-2015 11:42:54]:[ControllerRol][getRolById]:Exito    id:1
[17-04-2015 11:42:54]:[ControllerRol][getRolById]:Buscando id:1
[17-04-2015 11:42:54]:[ControllerRol][getRolById]:Encontro id:1
[17-04-2015 11:42:54]:[ControllerRol][getRolById]:Exito    id:1
[17-04-2015 11:42:55]:[ControllerRol][getRolById]:Buscando id:1
[17-04-2015 11:42:55]:[ControllerRol][getRolById]:Encontro id:1
[17-04-2015 11:42:55]:[ControllerRol][getRolById]:Exito    id:1
[17-04-2015 11:43:08]:[ControllerRol][getRolById]:Buscando id:1
[17-04-2015 11:43:08]:[ControllerRol][getRolById]:Encontro id:1
[17-04-2015 11:43:08]:[ControllerRol][getRolById]:Exito    id:1
[17-04-2015 11:43:08]:[ControllerRol][getRolById]:Buscando id:1
[17-04-2015 11:43:08]:[ControllerRol][getRolById]:Encontro id:1
[17-04-2015 11:43:08]:[ControllerRol][getRolById]:Exito    id:1
[17-04-2015 11:43:08]:[ControllerRol][getRolById]:Buscando id:1
[17-04-2015 11:43:08]:[ControllerRol][getRolById]:Encontro id:1
[17-04-2015 11:43:08]:[ControllerRol][getRolById]:Exito    id:1
[17-04-2015 11:43:35]:[ControllerRol][getRolById]:Buscando id:1
[17-04-2015 11:43:35]:[ControllerRol][getRolById]:Encontro id:1
[17-04-2015 11:43:35]:[ControllerRol][getRolById]:Exito    id:1
[17-04-2015 11:43:36]:[ControllerRol][getRolById]:Buscando id:1
[17-04-2015 11:43:36]:[ControllerRol][getRolById]:Encontro id:1
[17-04-2015 11:43:36]:[ControllerRol][getRolById]:Exito    id:1
[17-04-2015 11:43:36]:[ControllerRol][getRolById]:Buscando id:1
[17-04-2015 11:43:36]:[ControllerRol][getRolById]:Encontro id:1
[17-04-2015 11:43:36]:[ControllerRol][getRolById]:Exito    id:1
[17-04-2015 11:43:36]:[ControllerRol][getRolById]:Buscando id:1
[17-04-2015 11:43:36]:[ControllerRol][getRolById]:Encontro id:1
[17-04-2015 11:43:36]:[ControllerRol][getRolById]:Exito    id:1
[17-04-2015 11:44:06]:[ControllerRol][getRolById]:Buscando id:1
[17-04-2015 11:44:06]:[ControllerRol][getRolById]:Buscando id:1
[17-04-2015 11:44:06]:[ControllerRol][getRolById]:Buscando id:1
[17-04-2015 11:44:15]:[ControllerRol][getRolById]:Buscando id:1
[17-04-2015 11:44:16]:[ControllerRol][getRolById]:Buscando id:1
[17-04-2015 11:44:16]:[ControllerRol][getRolById]:Buscando id:1
[17-04-2015 11:44:35]:[ControllerRol][getRolById]:Buscando id:1
[17-04-2015 11:44:35]:[ControllerRol][getRolById]:Buscando id:1
[17-04-2015 11:45:23]:[ControllerRol][getRolById]:Buscando id:1
[17-04-2015 11:45:23]:[ControllerRol][getRolById]:Buscando id:1
[17-04-2015 11:45:23]:[ControllerRol][getRolById]:Buscando id:1
[17-04-2015 11:46:06]:[ControllerRol][getRolById]:Buscando id:1
[17-04-2015 11:46:06]:[ControllerRol][getRolById]:Buscando id:1
[17-04-2015 11:46:23]:[ControllerRol][getRolById]:Buscando id:1
[17-04-2015 11:46:23]:[ControllerRol][getRolById]:Encontro id:1
[17-04-2015 11:46:23]:[ControllerRol][getRolById]:Exito    id:1
[17-04-2015 11:46:24]:[ControllerRol][getRolById]:Buscando id:1
[17-04-2015 11:46:24]:[ControllerRol][getRolById]:Encontro id:1
[17-04-2015 11:46:24]:[ControllerRol][getRolById]:Exito    id:1
[17-04-2015 11:46:42]:[ControllerRol][getRolById]:Buscando id:1
[17-04-2015 11:46:42]:[ControllerRol][getRolById]:Encontro id:1
[17-04-2015 11:46:42]:[ControllerRol][getRolById]:Exito    id:1
[17-04-2015 11:46:43]:[ControllerRol][getRolById]:Buscando id:1
[17-04-2015 11:46:43]:[ControllerRol][getRolById]:Encontro id:1
[17-04-2015 11:46:43]:[ControllerRol][getRolById]:Exito    id:1
[17-04-2015 11:46:43]:[ControllerRol][getRolById]:Buscando id:1
[17-04-2015 11:46:43]:[ControllerRol][getRolById]:Encontro id:1
[17-04-2015 11:46:43]:[ControllerRol][getRolById]:Exito    id:1
[17-04-2015 11:46:43]:[ControllerRol][getRolById]:Buscando id:1
[17-04-2015 11:46:43]:[ControllerRol][getRolById]:Encontro id:1
[17-04-2015 11:46:43]:[ControllerRol][getRolById]:Exito    id:1
[17-04-2015 11:46:57]:[ControllerRol][getRolById]:Buscando id:1
[17-04-2015 11:46:57]:[ControllerRol][getRolById]:Encontro id:1
[17-04-2015 11:46:57]:[ControllerRol][getRolById]:Exito    id:1
[17-04-2015 11:46:57]:[ControllerRol][getRolById]:Buscando id:1
[17-04-2015 11:46:57]:[ControllerRol][getRolById]:Encontro id:1
[17-04-2015 11:46:57]:[ControllerRol][getRolById]:Exito    id:1
[17-04-2015 11:46:57]:[ControllerRol][getRolById]:Buscando id:1
[17-04-2015 11:46:57]:[ControllerRol][getRolById]:Encontro id:1
[17-04-2015 11:46:57]:[ControllerRol][getRolById]:Exito    id:1
[17-04-2015 11:46:57]:[ControllerRol][getRolById]:Buscando id:1
[17-04-2015 11:46:57]:[ControllerRol][getRolById]:Encontro id:1
[17-04-2015 11:46:57]:[ControllerRol][getRolById]:Exito    id:1
[17-04-2015 11:47:11]:[ControllerRol][getRolById]:Buscando id:1
[17-04-2015 11:47:11]:[ControllerRol][getRolById]:Encontro id:1
[17-04-2015 11:47:11]:[ControllerRol][getRolById]:Exito    id:1
[17-04-2015 11:47:11]:[ControllerRol][getRolById]:Buscando id:1
[17-04-2015 11:47:11]:[ControllerRol][getRolById]:Encontro id:1
[17-04-2015 11:47:11]:[ControllerRol][getRolById]:Exito    id:1
[17-04-2015 11:47:11]:[ControllerRol][getRolById]:Buscando id:1
[17-04-2015 11:47:11]:[ControllerRol][getRolById]:Encontro id:1
[17-04-2015 11:47:11]:[ControllerRol][getRolById]:Exito    id:1
[17-04-2015 11:47:21]:[ControllerRol][getRolById]:Buscando id:1
[17-04-2015 11:47:21]:[ControllerRol][getRolById]:Encontro id:1
[17-04-2015 11:47:21]:[ControllerRol][getRolById]:Exito    id:1
[17-04-2015 11:47:51]:[ControllerRol][getRolById]:Buscando id:1
[17-04-2015 11:47:51]:[ControllerRol][getRolById]:Encontro id:1
[17-04-2015 11:47:51]:[ControllerRol][getRolById]:Exito    id:1
[17-04-2015 11:47:51]:[ControllerRol][getRolById]:Buscando id:1
[17-04-2015 11:47:51]:[ControllerRol][getRolById]:Encontro id:1
[17-04-2015 11:47:51]:[ControllerRol][getRolById]:Exito    id:1
[17-04-2015 11:47:51]:[ControllerRol][getRolById]:Buscando id:1
[17-04-2015 11:47:51]:[ControllerRol][getRolById]:Encontro id:1
[17-04-2015 11:47:51]:[ControllerRol][getRolById]:Exito    id:1
[17-04-2015 11:50:25]:[ControllerRol][getRolById]:Buscando id:1
[17-04-2015 11:50:25]:[ControllerRol][getRolById]:Encontro id:1
[17-04-2015 11:50:25]:[ControllerRol][getRolById]:Exito    id:1
[17-04-2015 11:50:25]:[ControllerRol][getRolById]:Buscando id:1
[17-04-2015 11:50:25]:[ControllerRol][getRolById]:Encontro id:1
[17-04-2015 11:50:25]:[ControllerRol][getRolById]:Exito    id:1
[17-04-2015 11:50:25]:[ControllerRol][getRolById]:Buscando id:1
[17-04-2015 11:50:25]:[ControllerRol][getRolById]:Encontro id:1
[17-04-2015 11:50:25]:[ControllerRol][getRolById]:Exito    id:1
[17-04-2015 11:57:24]:[ControllerRol][getRolById]:Buscando id:1
[17-04-2015 11:57:24]:[ControllerRol][getRolById]:Encontro id:1
[17-04-2015 11:57:24]:[ControllerRol][getRolById]:Exito    id:1
[17-04-2015 11:57:24]:[ControllerRol][getRolById]:Buscando id:1
[17-04-2015 11:57:24]:[ControllerRol][getRolById]:Encontro id:1
[17-04-2015 11:57:24]:[ControllerRol][getRolById]:Exito    id:1
[17-04-2015 11:57:24]:[ControllerRol][getRolById]:Buscando id:1
[17-04-2015 11:57:24]:[ControllerRol][getRolById]:Encontro id:1
[17-04-2015 11:57:24]:[ControllerRol][getRolById]:Exito    id:1
[17-04-2015 11:57:37]:[ControllerRol][getRolById]:Buscando id:1
[17-04-2015 11:57:37]:[ControllerRol][getRolById]:Encontro id:1
[17-04-2015 11:57:37]:[ControllerRol][getRolById]:Exito    id:1
[17-04-2015 11:57:37]:[ControllerRol][getRolById]:Buscando id:1
[17-04-2015 11:57:37]:[ControllerRol][getRolById]:Encontro id:1
[17-04-2015 11:57:37]:[ControllerRol][getRolById]:Exito    id:1
[17-04-2015 11:57:37]:[ControllerRol][getRolById]:Buscando id:1
[17-04-2015 11:57:37]:[ControllerRol][getRolById]:Encontro id:1
[17-04-2015 11:57:37]:[ControllerRol][getRolById]:Exito    id:1
[17-04-2015 11:57:38]:[ControllerRol][getRolById]:Buscando id:1
[17-04-2015 11:57:38]:[ControllerRol][getRolById]:Encontro id:1
[17-04-2015 11:57:38]:[ControllerRol][getRolById]:Exito    id:1
[17-04-2015 12:28:52]:[ControllerRol][getRolById]:Buscando id:1
[17-04-2015 12:28:52]:[ControllerRol][getRolById]:Encontro id:1
[17-04-2015 12:28:52]:[ControllerRol][getRolById]:Exito    id:1
[17-04-2015 12:43:42]:[ControllerRol][getRolById]:Buscando id:8
[17-04-2015 12:43:42]:[ControllerRol][getRolById]:Buscando id:8
[17-04-2015 12:43:42]:[ControllerRol][getRolById]:Buscando id:8
[17-04-2015 12:46:01]:[ControllerRol][getRolById]:Buscando id:0
[17-04-2015 01:48:50]:[ControllerRol][getRolById]:Buscando id:8
[17-04-2015 01:48:50]:[ControllerRol][getRolById]:Buscando id:8
[17-04-2015 03:02:39]:[ControllerRol][getRolById]:Buscando id:0
[17-04-2015 03:02:40]:[ControllerRol][getRolById]:Buscando id:0
[17-04-2015 03:02:40]:[ControllerRol][getRolById]:Buscando id:0
[17-04-2015 03:02:40]:[ControllerRol][getRolById]:Buscando id:0
[17-04-2015 03:02:40]:[ControllerRol][getRolById]:Buscando id:0
[17-04-2015 03:03:00]:[ControllerRol][getRolById]:Buscando id:3
[17-04-2015 03:03:00]:[ControllerRol][getRolById]:Encontro id:3
[17-04-2015 03:03:00]:[ControllerRol][getRolById]:Exito    id:3
[17-04-2015 03:03:00]:[ControllerRol][getRolById]:Buscando id:3
[17-04-2015 03:03:00]:[ControllerRol][getRolById]:Encontro id:3
[17-04-2015 03:03:00]:[ControllerRol][getRolById]:Exito    id:3
[17-04-2015 03:03:01]:[ControllerRol][getRolById]:Buscando id:3
[17-04-2015 03:03:01]:[ControllerRol][getRolById]:Encontro id:3
[17-04-2015 03:03:01]:[ControllerRol][getRolById]:Exito    id:3
[17-04-2015 03:03:05]:[ControllerRol][getRolById]:Buscando id:5
[17-04-2015 03:03:05]:[ControllerRol][getRolById]:Encontro id:5
[17-04-2015 03:03:05]:[ControllerRol][getRolById]:Exito    id:5
[17-04-2015 03:03:08]:[ControllerRol][getRolById]:Buscando id:8
[17-04-2015 03:03:12]:[ControllerRol][getRolById]:Buscando id:0
[17-04-2015 03:03:14]:[ControllerRol][getRolById]:Buscando id:0
[17-04-2015 03:03:17]:[ControllerRol][getRolById]:Buscando id:0
[17-04-2015 03:03:20]:[ControllerRol][getRolById]:Buscando id:1
[17-04-2015 03:03:20]:[ControllerRol][getRolById]:Encontro id:1
[17-04-2015 03:03:20]:[ControllerRol][getRolById]:Exito    id:1
[17-04-2015 03:26:42]:[ControllerRol][getRolById]:Buscando id:0
[17-04-2015 03:26:42]:[ControllerRol][getRolById]:Buscando id:0
[17-04-2015 03:26:48]:[ControllerRol][getRolById]:Buscando id:0
[17-04-2015 03:26:48]:[ControllerRol][getRolById]:Buscando id:0
[17-04-2015 03:26:48]:[ControllerRol][getRolById]:Buscando id:0
[17-04-2015 03:26:48]:[ControllerRol][getRolById]:Buscando id:0
[17-04-2015 03:26:49]:[ControllerRol][getRolById]:Buscando id:0
[17-04-2015 03:26:49]:[ControllerRol][getRolById]:Buscando id:0
[17-04-2015 03:26:49]:[ControllerRol][getRolById]:Buscando id:0
[17-04-2015 03:26:55]:[ControllerRol][getRolById]:Buscando id:3
[17-04-2015 03:26:55]:[ControllerRol][getRolById]:Encontro id:3
[17-04-2015 03:26:55]:[ControllerRol][getRolById]:Exito    id:3
[17-04-2015 03:27:55]:[ControllerRol][getRolById]:Buscando id:3
[17-04-2015 03:27:55]:[ControllerRol][getRolById]:Encontro id:3
[17-04-2015 03:27:55]:[ControllerRol][getRolById]:Exito    id:3
[17-04-2015 03:27:55]:[ControllerRol][getRolById]:Buscando id:3
[17-04-2015 03:27:55]:[ControllerRol][getRolById]:Encontro id:3
[17-04-2015 03:27:55]:[ControllerRol][getRolById]:Exito    id:3
[17-04-2015 03:28:01]:[ControllerRol][getRolById]:Buscando id:0
[17-04-2015 03:28:02]:[ControllerRol][getRolById]:Buscando id:0
[17-04-2015 03:28:02]:[ControllerRol][getRolById]:Buscando id:0
[17-04-2015 03:28:07]:[ControllerRol][getRolById]:Buscando id:3
[17-04-2015 03:28:07]:[ControllerRol][getRolById]:Encontro id:3
[17-04-2015 03:28:07]:[ControllerRol][getRolById]:Exito    id:3
[17-04-2015 03:28:07]:[ControllerRol][getRolById]:Buscando id:3
[17-04-2015 03:28:07]:[ControllerRol][getRolById]:Encontro id:3
[17-04-2015 03:28:07]:[ControllerRol][getRolById]:Exito    id:3
[17-04-2015 03:28:07]:[ControllerRol][getRolById]:Buscando id:3
[17-04-2015 03:28:07]:[ControllerRol][getRolById]:Encontro id:3
[17-04-2015 03:28:07]:[ControllerRol][getRolById]:Exito    id:3
[17-04-2015 03:28:12]:[ControllerRol][getRolById]:Buscando id:0
[17-04-2015 03:28:12]:[ControllerRol][getRolById]:Buscando id:0
[17-04-2015 03:30:36]:[ControllerRol][getRolById]:Buscando id:0
[17-04-2015 03:30:47]:[ControllerRol][getRolById]:Buscando id:3
[17-04-2015 03:30:47]:[ControllerRol][getRolById]:Encontro id:3
[17-04-2015 03:30:47]:[ControllerRol][getRolById]:Exito    id:3
[17-04-2015 04:01:00]:[ControllerRol][getRolById]:Buscando id:3
[17-04-2015 04:01:00]:[ControllerRol][getRolById]:Encontro id:3
[17-04-2015 04:01:00]:[ControllerRol][getRolById]:Exito    id:3
[17-04-2015 04:01:00]:[ControllerRol][getRolById]:Buscando id:3
[17-04-2015 04:01:00]:[ControllerRol][getRolById]:Encontro id:3
[17-04-2015 04:01:00]:[ControllerRol][getRolById]:Exito    id:3
[17-04-2015 04:01:00]:[ControllerRol][getRolById]:Buscando id:3
[17-04-2015 04:01:00]:[ControllerRol][getRolById]:Encontro id:3
[17-04-2015 04:01:00]:[ControllerRol][getRolById]:Exito    id:3
[17-04-2015 04:01:00]:[ControllerRol][getRolById]:Buscando id:3
[17-04-2015 04:01:00]:[ControllerRol][getRolById]:Encontro id:3
[17-04-2015 04:01:00]:[ControllerRol][getRolById]:Exito    id:3
[17-04-2015 04:01:21]:[ControllerRol][getRolById]:Buscando id:3
[17-04-2015 04:01:21]:[ControllerRol][getRolById]:Encontro id:3
[17-04-2015 04:01:21]:[ControllerRol][getRolById]:Exito    id:3
[17-04-2015 04:01:21]:[ControllerRol][getRolById]:Buscando id:3
[17-04-2015 04:01:21]:[ControllerRol][getRolById]:Encontro id:3
[17-04-2015 04:01:21]:[ControllerRol][getRolById]:Exito    id:3
[17-04-2015 04:01:21]:[ControllerRol][getRolById]:Buscando id:3
[17-04-2015 04:01:21]:[ControllerRol][getRolById]:Encontro id:3
[17-04-2015 04:01:21]:[ControllerRol][getRolById]:Exito    id:3
[17-04-2015 04:01:21]:[ControllerRol][getRolById]:Buscando id:3
[17-04-2015 04:01:21]:[ControllerRol][getRolById]:Encontro id:3
[17-04-2015 04:01:21]:[ControllerRol][getRolById]:Exito    id:3
[17-04-2015 04:02:04]:[ControllerRol][getRolById]:Buscando id:3
[17-04-2015 04:02:04]:[ControllerRol][getRolById]:Encontro id:3
[17-04-2015 04:02:04]:[ControllerRol][getRolById]:Exito    id:3
[17-04-2015 04:02:04]:[ControllerRol][getRolById]:Buscando id:3
[17-04-2015 04:02:04]:[ControllerRol][getRolById]:Encontro id:3
[17-04-2015 04:02:04]:[ControllerRol][getRolById]:Exito    id:3
[17-04-2015 04:02:04]:[ControllerRol][getRolById]:Buscando id:3
[17-04-2015 04:02:04]:[ControllerRol][getRolById]:Encontro id:3
[17-04-2015 04:02:04]:[ControllerRol][getRolById]:Exito    id:3
[17-04-2015 04:02:04]:[ControllerRol][getRolById]:Buscando id:3
[17-04-2015 04:02:04]:[ControllerRol][getRolById]:Encontro id:3
[17-04-2015 04:02:04]:[ControllerRol][getRolById]:Exito    id:3
[17-04-2015 04:02:07]:[ControllerRol][getRolById]:Buscando id:8
[17-04-2015 04:02:10]:[ControllerRol][getRolById]:Buscando id:1
[17-04-2015 04:02:10]:[ControllerRol][getRolById]:Encontro id:1
[17-04-2015 04:02:10]:[ControllerRol][getRolById]:Exito    id:1
[17-04-2015 04:03:57]:[ControllerRol][getRolById]:Buscando id:1
[17-04-2015 04:03:57]:[ControllerRol][getRolById]:Encontro id:1
[17-04-2015 04:03:57]:[ControllerRol][getRolById]:Exito    id:1
[17-04-2015 04:03:57]:[ControllerRol][getRolById]:Buscando id:1
[17-04-2015 04:03:57]:[ControllerRol][getRolById]:Encontro id:1
[17-04-2015 04:03:57]:[ControllerRol][getRolById]:Exito    id:1
[17-04-2015 04:03:57]:[ControllerRol][getRolById]:Buscando id:1
[17-04-2015 04:03:57]:[ControllerRol][getRolById]:Encontro id:1
[17-04-2015 04:03:57]:[ControllerRol][getRolById]:Exito    id:1
[17-04-2015 04:03:58]:[ControllerRol][getRolById]:Buscando id:1
[17-04-2015 04:03:58]:[ControllerRol][getRolById]:Encontro id:1
[17-04-2015 04:03:58]:[ControllerRol][getRolById]:Exito    id:1
[17-04-2015 04:03:58]:[ControllerRol][getRolById]:Buscando id:1
[17-04-2015 04:03:58]:[ControllerRol][getRolById]:Encontro id:1
[17-04-2015 04:03:58]:[ControllerRol][getRolById]:Exito    id:1
[17-04-2015 04:03:58]:[ControllerRol][getRolById]:Buscando id:1
[17-04-2015 04:03:58]:[ControllerRol][getRolById]:Encontro id:1
[17-04-2015 04:03:58]:[ControllerRol][getRolById]:Exito    id:1
[17-04-2015 04:03:58]:[ControllerRol][getRolById]:Buscando id:1
[17-04-2015 04:03:58]:[ControllerRol][getRolById]:Encontro id:1
[17-04-2015 04:03:58]:[ControllerRol][getRolById]:Exito    id:1
[17-04-2015 04:03:58]:[ControllerRol][getRolById]:Buscando id:1
[17-04-2015 04:03:58]:[ControllerRol][getRolById]:Encontro id:1
[17-04-2015 04:03:58]:[ControllerRol][getRolById]:Exito    id:1
[17-04-2015 04:03:58]:[ControllerRol][getRolById]:Buscando id:1
[17-04-2015 04:03:58]:[ControllerRol][getRolById]:Encontro id:1
[17-04-2015 04:03:58]:[ControllerRol][getRolById]:Exito    id:1
[17-04-2015 04:03:58]:[ControllerRol][getRolById]:Buscando id:1
[17-04-2015 04:03:58]:[ControllerRol][getRolById]:Encontro id:1
[17-04-2015 04:03:58]:[ControllerRol][getRolById]:Exito    id:1
[17-04-2015 04:03:59]:[ControllerRol][getRolById]:Buscando id:1
[17-04-2015 04:03:59]:[ControllerRol][getRolById]:Encontro id:1
[17-04-2015 04:03:59]:[ControllerRol][getRolById]:Exito    id:1
[17-04-2015 04:03:59]:[ControllerRol][getRolById]:Buscando id:1
[17-04-2015 04:03:59]:[ControllerRol][getRolById]:Encontro id:1
[17-04-2015 04:03:59]:[ControllerRol][getRolById]:Exito    id:1
[17-04-2015 04:03:59]:[ControllerRol][getRolById]:Buscando id:1
[17-04-2015 04:03:59]:[ControllerRol][getRolById]:Encontro id:1
[17-04-2015 04:03:59]:[ControllerRol][getRolById]:Exito    id:1
[17-04-2015 04:03:59]:[ControllerRol][getRolById]:Buscando id:1
[17-04-2015 04:03:59]:[ControllerRol][getRolById]:Encontro id:1
[17-04-2015 04:03:59]:[ControllerRol][getRolById]:Exito    id:1
[17-04-2015 04:04:17]:[ControllerRol][getRolById]:Buscando id:1
[17-04-2015 04:04:17]:[ControllerRol][getRolById]:Encontro id:1
[17-04-2015 04:04:17]:[ControllerRol][getRolById]:Exito    id:1
[17-04-2015 04:04:17]:[ControllerRol][getRolById]:Buscando id:1
[17-04-2015 04:04:17]:[ControllerRol][getRolById]:Encontro id:1
[17-04-2015 04:04:17]:[ControllerRol][getRolById]:Exito    id:1
[17-04-2015 04:04:17]:[ControllerRol][getRolById]:Buscando id:1
[17-04-2015 04:04:17]:[ControllerRol][getRolById]:Encontro id:1
[17-04-2015 04:04:17]:[ControllerRol][getRolById]:Exito    id:1
[17-04-2015 04:04:18]:[ControllerRol][getRolById]:Buscando id:1
[17-04-2015 04:04:18]:[ControllerRol][getRolById]:Encontro id:1
[17-04-2015 04:04:18]:[ControllerRol][getRolById]:Exito    id:1
[17-04-2015 04:04:18]:[ControllerRol][getRolById]:Buscando id:1
[17-04-2015 04:04:18]:[ControllerRol][getRolById]:Encontro id:1
[17-04-2015 04:04:18]:[ControllerRol][getRolById]:Exito    id:1
[17-04-2015 04:04:18]:[ControllerRol][getRolById]:Buscando id:1
[17-04-2015 04:04:18]:[ControllerRol][getRolById]:Encontro id:1
[17-04-2015 04:04:18]:[ControllerRol][getRolById]:Exito    id:1
[17-04-2015 04:18:30]:[ControllerRol][getRolById]:Buscando id:1
[17-04-2015 04:18:30]:[ControllerRol][getRolById]:Encontro id:1
[17-04-2015 04:18:30]:[ControllerRol][getRolById]:Exito    id:1
[17-04-2015 04:18:30]:[ControllerRol][getRolById]:Buscando id:1
[17-04-2015 04:18:30]:[ControllerRol][getRolById]:Encontro id:1
[17-04-2015 04:18:30]:[ControllerRol][getRolById]:Exito    id:1
[17-04-2015 04:18:30]:[ControllerRol][getRolById]:Buscando id:1
[17-04-2015 04:18:30]:[ControllerRol][getRolById]:Encontro id:1
[17-04-2015 04:18:30]:[ControllerRol][getRolById]:Exito    id:1
[17-04-2015 04:18:30]:[ControllerRol][getRolById]:Buscando id:1
[17-04-2015 04:18:30]:[ControllerRol][getRolById]:Encontro id:1
[17-04-2015 04:18:30]:[ControllerRol][getRolById]:Exito    id:1
[17-04-2015 04:18:31]:[ControllerRol][getRolById]:Buscando id:1
[17-04-2015 04:18:31]:[ControllerRol][getRolById]:Encontro id:1
[17-04-2015 04:18:31]:[ControllerRol][getRolById]:Exito    id:1
[17-04-2015 04:18:31]:[ControllerRol][getRolById]:Buscando id:1
[17-04-2015 04:18:31]:[ControllerRol][getRolById]:Encontro id:1
[17-04-2015 04:18:31]:[ControllerRol][getRolById]:Exito    id:1
[17-04-2015 04:18:31]:[ControllerRol][getRolById]:Buscando id:1
[17-04-2015 04:18:31]:[ControllerRol][getRolById]:Encontro id:1
[17-04-2015 04:18:31]:[ControllerRol][getRolById]:Exito    id:1
[17-04-2015 04:18:31]:[ControllerRol][getRolById]:Buscando id:1
[17-04-2015 04:18:31]:[ControllerRol][getRolById]:Encontro id:1
[17-04-2015 04:18:31]:[ControllerRol][getRolById]:Exito    id:1
[17-04-2015 04:18:31]:[ControllerRol][getRolById]:Buscando id:1
[17-04-2015 04:18:31]:[ControllerRol][getRolById]:Encontro id:1
[17-04-2015 04:18:31]:[ControllerRol][getRolById]:Exito    id:1
[17-04-2015 04:18:31]:[ControllerRol][getRolById]:Buscando id:1
[17-04-2015 04:18:31]:[ControllerRol][getRolById]:Encontro id:1
[17-04-2015 04:18:31]:[ControllerRol][getRolById]:Exito    id:1
[17-04-2015 04:18:32]:[ControllerRol][getRolById]:Buscando id:1
[17-04-2015 04:18:32]:[ControllerRol][getRolById]:Encontro id:1
[17-04-2015 04:18:32]:[ControllerRol][getRolById]:Exito    id:1
[17-04-2015 04:18:32]:[ControllerRol][getRolById]:Buscando id:1
[17-04-2015 04:18:32]:[ControllerRol][getRolById]:Encontro id:1
[17-04-2015 04:18:32]:[ControllerRol][getRolById]:Exito    id:1
[17-04-2015 04:18:32]:[ControllerRol][getRolById]:Buscando id:1
[17-04-2015 04:18:32]:[ControllerRol][getRolById]:Encontro id:1
[17-04-2015 04:18:32]:[ControllerRol][getRolById]:Exito    id:1
[17-04-2015 04:18:32]:[ControllerRol][getRolById]:Buscando id:1
[17-04-2015 04:18:32]:[ControllerRol][getRolById]:Encontro id:1
[17-04-2015 04:18:32]:[ControllerRol][getRolById]:Exito    id:1
[17-04-2015 04:18:32]:[ControllerRol][getRolById]:Buscando id:1
[17-04-2015 04:18:32]:[ControllerRol][getRolById]:Encontro id:1
[17-04-2015 04:18:32]:[ControllerRol][getRolById]:Exito    id:1
[17-04-2015 04:18:33]:[ControllerRol][getRolById]:Buscando id:1
[17-04-2015 04:18:33]:[ControllerRol][getRolById]:Encontro id:1
[17-04-2015 04:18:33]:[ControllerRol][getRolById]:Exito    id:1
[17-04-2015 04:18:55]:[ControllerRol][getRolById]:Buscando id:1
[17-04-2015 04:18:55]:[ControllerRol][getRolById]:Encontro id:1
[17-04-2015 04:18:55]:[ControllerRol][getRolById]:Exito    id:1
[17-04-2015 04:18:55]:[ControllerRol][getRolById]:Buscando id:1
[17-04-2015 04:18:55]:[ControllerRol][getRolById]:Encontro id:1
[17-04-2015 04:18:55]:[ControllerRol][getRolById]:Exito    id:1
[17-04-2015 04:18:55]:[ControllerRol][getRolById]:Buscando id:1
[17-04-2015 04:18:55]:[ControllerRol][getRolById]:Encontro id:1
[17-04-2015 04:18:55]:[ControllerRol][getRolById]:Exito    id:1
[17-04-2015 04:18:55]:[ControllerRol][getRolById]:Buscando id:1
[17-04-2015 04:18:55]:[ControllerRol][getRolById]:Encontro id:1
[17-04-2015 04:18:55]:[ControllerRol][getRolById]:Exito    id:1
[17-04-2015 04:19:23]:[ControllerRol][getRolById]:Buscando id:0
[17-04-2015 04:19:24]:[ControllerRol][getRolById]:Buscando id:0
[17-04-2015 04:19:24]:[ControllerRol][getRolById]:Buscando id:0
[17-04-2015 04:19:24]:[ControllerRol][getRolById]:Buscando id:0
[17-04-2015 04:19:24]:[ControllerRol][getRolById]:Buscando id:0
[17-04-2015 04:19:24]:[ControllerRol][getRolById]:Buscando id:0
[17-04-2015 04:19:24]:[ControllerRol][getRolById]:Buscando id:0
[17-04-2015 04:19:25]:[ControllerRol][getRolById]:Buscando id:0
[17-04-2015 04:19:25]:[ControllerRol][getRolById]:Buscando id:0
[17-04-2015 04:19:25]:[ControllerRol][getRolById]:Buscando id:0
[17-04-2015 04:19:38]:[ControllerRol][getRolById]:Buscando id:1
[17-04-2015 04:19:38]:[ControllerRol][getRolById]:Encontro id:1
[17-04-2015 04:19:38]:[ControllerRol][getRolById]:Exito    id:1
[17-04-2015 04:19:38]:[ControllerRol][getRolById]:Buscando id:1
[17-04-2015 04:19:38]:[ControllerRol][getRolById]:Encontro id:1
[17-04-2015 04:19:38]:[ControllerRol][getRolById]:Exito    id:1
[17-04-2015 04:19:38]:[ControllerRol][getRolById]:Buscando id:1
[17-04-2015 04:19:38]:[ControllerRol][getRolById]:Encontro id:1
[17-04-2015 04:19:38]:[ControllerRol][getRolById]:Exito    id:1
[17-04-2015 04:19:42]:[ControllerRol][getRolById]:Buscando id:0
[17-04-2015 04:19:43]:[ControllerRol][getRolById]:Buscando id:0
[17-04-2015 04:20:54]:[ControllerRol][getRolById]:Buscando id:0
[17-04-2015 04:20:54]:[ControllerRol][getRolById]:Buscando id:0
[17-04-2015 04:20:55]:[ControllerRol][getRolById]:Buscando id:0
[17-04-2015 04:20:55]:[ControllerRol][getRolById]:Buscando id:0
[17-04-2015 04:20:55]:[ControllerRol][getRolById]:Buscando id:0
[17-04-2015 04:20:55]:[ControllerRol][getRolById]:Buscando id:0
[17-04-2015 04:20:55]:[ControllerRol][getRolById]:Buscando id:0
[17-04-2015 04:20:55]:[ControllerRol][getRolById]:Buscando id:0
[17-04-2015 04:20:56]:[ControllerRol][getRolById]:Buscando id:0
[17-04-2015 04:20:56]:[ControllerRol][getRolById]:Buscando id:0
[17-04-2015 04:21:07]:[ControllerRol][getRolById]:Buscando id:0
[17-04-2015 04:21:18]:[ControllerRol][getRolById]:Buscando id:8
[17-04-2015 04:21:23]:[ControllerRol][getRolById]:Buscando id:8
[17-04-2015 04:21:24]:[ControllerRol][getRolById]:Buscando id:8
[17-04-2015 04:21:24]:[ControllerRol][getRolById]:Buscando id:8
[17-04-2015 04:21:24]:[ControllerRol][getRolById]:Buscando id:8
[17-04-2015 04:21:25]:[ControllerRol][getRolById]:Buscando id:8
[17-04-2015 04:21:25]:[ControllerRol][getRolById]:Buscando id:8
[17-04-2015 04:21:25]:[ControllerRol][getRolById]:Buscando id:8
[17-04-2015 04:21:25]:[ControllerRol][getRolById]:Buscando id:8
[17-04-2015 04:21:25]:[ControllerRol][getRolById]:Buscando id:8
[17-04-2015 04:21:25]:[ControllerRol][getRolById]:Buscando id:8
[17-04-2015 04:21:26]:[ControllerRol][getRolById]:Buscando id:8
[17-04-2015 04:21:26]:[ControllerRol][getRolById]:Buscando id:8
[17-04-2015 04:21:26]:[ControllerRol][getRolById]:Buscando id:8
[17-04-2015 04:21:26]:[ControllerRol][getRolById]:Buscando id:8
[17-04-2015 04:21:26]:[ControllerRol][getRolById]:Buscando id:8
[17-04-2015 04:21:26]:[ControllerRol][getRolById]:Buscando id:8
[17-04-2015 04:21:27]:[ControllerRol][getRolById]:Buscando id:8
[17-04-2015 04:21:27]:[ControllerRol][getRolById]:Buscando id:8
[17-04-2015 04:21:27]:[ControllerRol][getRolById]:Buscando id:8
[17-04-2015 04:21:27]:[ControllerRol][getRolById]:Buscando id:8
[17-04-2015 04:21:27]:[ControllerRol][getRolById]:Buscando id:8
[17-04-2015 04:21:27]:[ControllerRol][getRolById]:Buscando id:8
[17-04-2015 04:21:28]:[ControllerRol][getRolById]:Buscando id:8
[17-04-2015 04:21:28]:[ControllerRol][getRolById]:Buscando id:8
[17-04-2015 04:21:28]:[ControllerRol][getRolById]:Buscando id:8
[17-04-2015 04:21:31]:[ControllerRol][getRolById]:Buscando id:1
[17-04-2015 04:21:31]:[ControllerRol][getRolById]:Encontro id:1
[17-04-2015 04:21:31]:[ControllerRol][getRolById]:Exito    id:1
[17-04-2015 04:21:51]:[ControllerRol][getRolById]:Buscando id:1
[17-04-2015 04:21:51]:[ControllerRol][getRolById]:Encontro id:1
[17-04-2015 04:21:51]:[ControllerRol][getRolById]:Exito    id:1
[17-04-2015 04:21:52]:[ControllerRol][getRolById]:Buscando id:1
[17-04-2015 04:21:52]:[ControllerRol][getRolById]:Encontro id:1
[17-04-2015 04:21:52]:[ControllerRol][getRolById]:Exito    id:1
[17-04-2015 04:21:53]:[ControllerRol][getRolById]:Buscando id:1
[17-04-2015 04:21:53]:[ControllerRol][getRolById]:Encontro id:1
[17-04-2015 04:21:53]:[ControllerRol][getRolById]:Exito    id:1
[17-04-2015 04:21:53]:[ControllerRol][getRolById]:Buscando id:1
[17-04-2015 04:21:53]:[ControllerRol][getRolById]:Encontro id:1
[17-04-2015 04:21:53]:[ControllerRol][getRolById]:Exito    id:1
[17-04-2015 04:21:53]:[ControllerRol][getRolById]:Buscando id:1
[17-04-2015 04:21:53]:[ControllerRol][getRolById]:Encontro id:1
[17-04-2015 04:21:53]:[ControllerRol][getRolById]:Exito    id:1
[17-04-2015 04:22:02]:[ControllerRol][getRolById]:Buscando id:0
[17-04-2015 04:22:08]:[ControllerRol][getRolById]:Buscando id:1
[17-04-2015 04:22:08]:[ControllerRol][getRolById]:Encontro id:1
[17-04-2015 04:22:08]:[ControllerRol][getRolById]:Exito    id:1
[17-04-2015 04:22:22]:[ControllerRol][getRolById]:Buscando id:0
[17-04-2015 04:22:22]:[ControllerRol][getRolById]:Buscando id:0
[17-04-2015 04:22:22]:[ControllerRol][getRolById]:Buscando id:0
[17-04-2015 04:22:22]:[ControllerRol][getRolById]:Buscando id:0
[17-04-2015 04:22:47]:[ControllerRol][getRolById]:Buscando id:1
[17-04-2015 04:22:47]:[ControllerRol][getRolById]:Encontro id:1
[17-04-2015 04:22:47]:[ControllerRol][getRolById]:Exito    id:1
[17-04-2015 04:22:48]:[ControllerRol][getRolById]:Buscando id:1
[17-04-2015 04:22:48]:[ControllerRol][getRolById]:Encontro id:1
[17-04-2015 04:22:48]:[ControllerRol][getRolById]:Exito    id:1
[17-04-2015 04:22:48]:[ControllerRol][getRolById]:Buscando id:1
[17-04-2015 04:22:48]:[ControllerRol][getRolById]:Encontro id:1
[17-04-2015 04:22:48]:[ControllerRol][getRolById]:Exito    id:1
[17-04-2015 04:22:48]:[ControllerRol][getRolById]:Buscando id:1
[17-04-2015 04:22:48]:[ControllerRol][getRolById]:Encontro id:1
[17-04-2015 04:22:48]:[ControllerRol][getRolById]:Exito    id:1
[17-04-2015 04:22:52]:[ControllerRol][getRolById]:Buscando id:0
[17-04-2015 04:22:52]:[ControllerRol][getRolById]:Buscando id:0
[17-04-2015 04:22:57]:[ControllerRol][getRolById]:Buscando id:1
[17-04-2015 04:22:57]:[ControllerRol][getRolById]:Encontro id:1
[17-04-2015 04:22:57]:[ControllerRol][getRolById]:Exito    id:1
[17-04-2015 04:22:57]:[ControllerRol][getRolById]:Buscando id:1
[17-04-2015 04:22:57]:[ControllerRol][getRolById]:Encontro id:1
[17-04-2015 04:22:57]:[ControllerRol][getRolById]:Exito    id:1
[17-04-2015 04:23:03]:[ControllerRol][getRolById]:Buscando id:0
[17-04-2015 04:28:53]:[ControllerRol][getRolById]:Buscando id:0
[17-04-2015 04:29:16]:[ControllerRol][getRolById]:Buscando id:0
[17-04-2015 04:29:18]:[ControllerRol][getRolById]:Buscando id:0
[17-04-2015 04:29:34]:[ControllerRol][getRolById]:Buscando id:0
[17-04-2015 04:29:46]:[ControllerRol][getRolById]:Buscando id:1
[17-04-2015 04:29:46]:[ControllerRol][getRolById]:Encontro id:1
[17-04-2015 04:29:46]:[ControllerRol][getRolById]:Exito    id:1
[17-04-2015 04:35:26]:[ControllerRol][getRolById]:Buscando id:1
[17-04-2015 04:35:26]:[ControllerRol][getRolById]:Encontro id:1
[17-04-2015 04:35:26]:[ControllerRol][getRolById]:Exito    id:1
[17-04-2015 04:35:26]:[ControllerRol][getRolById]:Buscando id:1
[17-04-2015 04:35:26]:[ControllerRol][getRolById]:Encontro id:1
[17-04-2015 04:35:26]:[ControllerRol][getRolById]:Exito    id:1
[17-04-2015 04:35:26]:[ControllerRol][getRolById]:Buscando id:1
[17-04-2015 04:35:26]:[ControllerRol][getRolById]:Encontro id:1
[17-04-2015 04:35:26]:[ControllerRol][getRolById]:Exito    id:1
[17-04-2015 04:35:26]:[ControllerRol][getRolById]:Buscando id:1
[17-04-2015 04:35:26]:[ControllerRol][getRolById]:Encontro id:1
[17-04-2015 04:35:26]:[ControllerRol][getRolById]:Exito    id:1
[17-04-2015 04:36:40]:[ControllerRol][getRolById]:Buscando id:1
[17-04-2015 04:36:40]:[ControllerRol][getRolById]:Encontro id:1
[17-04-2015 04:36:40]:[ControllerRol][getRolById]:Exito    id:1
[17-04-2015 04:36:41]:[ControllerRol][getRolById]:Buscando id:1
[17-04-2015 04:36:41]:[ControllerRol][getRolById]:Encontro id:1
[17-04-2015 04:36:41]:[ControllerRol][getRolById]:Exito    id:1
[17-04-2015 04:36:41]:[ControllerRol][getRolById]:Buscando id:1
[17-04-2015 04:36:41]:[ControllerRol][getRolById]:Encontro id:1
[17-04-2015 04:36:41]:[ControllerRol][getRolById]:Exito    id:1
[17-04-2015 04:36:41]:[ControllerRol][getRolById]:Buscando id:1
[17-04-2015 04:36:41]:[ControllerRol][getRolById]:Encontro id:1
[17-04-2015 04:36:41]:[ControllerRol][getRolById]:Exito    id:1
[17-04-2015 04:37:51]:[ControllerRol][getRolById]:Buscando id:1
[17-04-2015 04:37:51]:[ControllerRol][getRolById]:Encontro id:1
[17-04-2015 04:37:51]:[ControllerRol][getRolById]:Exito    id:1
[17-04-2015 04:37:51]:[ControllerRol][getRolById]:Buscando id:1
[17-04-2015 04:37:51]:[ControllerRol][getRolById]:Encontro id:1
[17-04-2015 04:37:51]:[ControllerRol][getRolById]:Exito    id:1
[17-04-2015 04:37:52]:[ControllerRol][getRolById]:Buscando id:1
[17-04-2015 04:37:52]:[ControllerRol][getRolById]:Encontro id:1
[17-04-2015 04:37:52]:[ControllerRol][getRolById]:Exito    id:1
[17-04-2015 04:37:52]:[ControllerRol][getRolById]:Buscando id:1
[17-04-2015 04:37:52]:[ControllerRol][getRolById]:Encontro id:1
[17-04-2015 04:37:52]:[ControllerRol][getRolById]:Exito    id:1
[17-04-2015 04:37:52]:[ControllerRol][getRolById]:Buscando id:1
[17-04-2015 04:37:52]:[ControllerRol][getRolById]:Encontro id:1
[17-04-2015 04:37:52]:[ControllerRol][getRolById]:Exito    id:1
[17-04-2015 04:37:52]:[ControllerRol][getRolById]:Buscando id:1
[17-04-2015 04:37:52]:[ControllerRol][getRolById]:Encontro id:1
[17-04-2015 04:37:52]:[ControllerRol][getRolById]:Exito    id:1
[17-04-2015 04:37:59]:[ControllerRol][getRolById]:Buscando id:8
[17-04-2015 04:38:01]:[ControllerRol][getRolById]:Buscando id:1
[17-04-2015 04:38:01]:[ControllerRol][getRolById]:Encontro id:1
[17-04-2015 04:38:01]:[ControllerRol][getRolById]:Exito    id:1
[17-04-2015 04:39:06]:[ControllerRol][getRolById]:Buscando id:1
[17-04-2015 04:39:06]:[ControllerRol][getRolById]:Encontro id:1
[17-04-2015 04:39:06]:[ControllerRol][getRolById]:Exito    id:1
[17-04-2015 04:39:06]:[ControllerRol][getRolById]:Buscando id:1
[17-04-2015 04:39:06]:[ControllerRol][getRolById]:Encontro id:1
[17-04-2015 04:39:06]:[ControllerRol][getRolById]:Exito    id:1
[17-04-2015 04:39:06]:[ControllerRol][getRolById]:Buscando id:1
[17-04-2015 04:39:06]:[ControllerRol][getRolById]:Encontro id:1
[17-04-2015 04:39:06]:[ControllerRol][getRolById]:Exito    id:1
[17-04-2015 04:39:06]:[ControllerRol][getRolById]:Buscando id:1
[17-04-2015 04:39:06]:[ControllerRol][getRolById]:Encontro id:1
[17-04-2015 04:39:06]:[ControllerRol][getRolById]:Exito    id:1
[17-04-2015 04:40:05]:[ControllerRol][getRolById]:Buscando id:1
[17-04-2015 04:40:05]:[ControllerRol][getRolById]:Encontro id:1
[17-04-2015 04:40:05]:[ControllerRol][getRolById]:Exito    id:1
[17-04-2015 04:40:05]:[ControllerRol][getRolById]:Buscando id:1
[17-04-2015 04:40:05]:[ControllerRol][getRolById]:Encontro id:1
[17-04-2015 04:40:05]:[ControllerRol][getRolById]:Exito    id:1
[17-04-2015 04:40:05]:[ControllerRol][getRolById]:Buscando id:1
[17-04-2015 04:40:05]:[ControllerRol][getRolById]:Encontro id:1
[17-04-2015 04:40:05]:[ControllerRol][getRolById]:Exito    id:1
[17-04-2015 04:40:05]:[ControllerRol][getRolById]:Buscando id:1
[17-04-2015 04:40:05]:[ControllerRol][getRolById]:Encontro id:1
[17-04-2015 04:40:05]:[ControllerRol][getRolById]:Exito    id:1
